2024-08-22 11:11:38.931 [info] Added views:workbench.panel.markers.view in workbench.panel.markers
2024-08-22 11:11:38.931 [info] Added views:workbench.panel.output in workbench.panel.output
2024-08-22 11:11:38.931 [info] Added views:terminal in terminal
2024-08-22 11:11:38.931 [info] Added views:outline in workbench.view.explorer
2024-08-22 11:11:38.931 [info] Added views:workbench.scm in workbench.view.scm
2024-08-22 11:11:38.931 [info] Added views:workbench.view.search in workbench.view.search
2024-08-22 11:11:38.931 [info] Added views:timeline in workbench.view.explorer
2024-08-22 11:11:38.931 [info] Added views:workbench.explorer.emptyView in workbench.view.explorer
2024-08-22 11:11:40.152 [info] Added views:notes in workbench.view.extension.vscode-notes
2024-08-22 11:11:40.153 [info] Added views:github.codespaces.explorer in workbench.view.remote
2024-08-22 11:11:40.155 [info] Added views:targetsContainers,devVolumes in workbench.view.remote
2024-08-22 11:11:40.156 [info] Added views:postman-for-vscode.sidebar-panel in workbench.view.extension.sidebar-panel
2024-08-22 11:11:40.157 [info] Added views:postman-console-view in workbench.view.extension.postman-console-view-container
2024-08-22 11:11:40.158 [info] Added views:learn-vim in workbench.view.extension.learn-vim-container
2024-08-22 11:11:40.320 [info] Added views:workbench.debug.variablesView,workbench.debug.watchExpressionsView,workbench.debug.callStackView,workbench.debug.breakPointsView in workbench.view.debug
2024-08-22 11:11:40.572 [info] Added views:workbench.panel.repl.view in workbench.panel.repl
2024-08-22 11:11:40.573 [info] Removed views:workbench.debug.breakPointsView,workbench.debug.callStackView,workbench.debug.watchExpressionsView,workbench.debug.variablesView from workbench.view.debug
2024-08-22 11:11:40.574 [info] Added views:workbench.debug.welcome in workbench.view.debug
2024-08-22 11:11:41.526 [info] Added views:~remote.forwardedPorts in ~remote.forwardedPortsContainer
2024-08-22 11:11:54.866 [info] Added views:workbench.panel.markers.view in workbench.panel.markers
2024-08-22 11:11:54.866 [info] Added views:workbench.panel.output in workbench.panel.output
2024-08-22 11:11:54.866 [info] Added views:terminal in terminal
2024-08-22 11:11:54.866 [info] Added views:outline in workbench.view.explorer
2024-08-22 11:11:54.866 [info] Added views:workbench.scm in workbench.view.scm
2024-08-22 11:11:54.866 [info] Added views:workbench.view.search in workbench.view.search
2024-08-22 11:11:54.866 [info] Added views:timeline in workbench.view.explorer
2024-08-22 11:11:54.866 [info] Added views:workbench.explorer.fileView in workbench.view.explorer
2024-08-22 11:11:55.141 [info] Added views:workbench.debug.welcome in workbench.view.debug
2024-08-22 11:11:55.546 [info] Added views:notes in workbench.view.extension.vscode-notes
2024-08-22 11:11:55.546 [info] Added views:github.codespaces.explorer in workbench.view.remote
2024-08-22 11:11:55.549 [info] Added views:targetsContainers,devVolumes in workbench.view.remote
2024-08-22 11:11:55.550 [info] Added views:postman-for-vscode.sidebar-panel in workbench.view.extension.sidebar-panel
2024-08-22 11:11:55.550 [info] Added views:postman-console-view in workbench.view.extension.postman-console-view-container
2024-08-22 11:11:55.550 [info] Added views:learn-vim in workbench.view.extension.learn-vim-container
2024-08-22 11:11:55.697 [info] Added views:workbench.panel.repl.view in workbench.panel.repl
2024-08-22 11:11:56.052 [info] Added views:~remote.forwardedPorts in ~remote.forwardedPortsContainer
