2024-08-22 11:50:45.159 [info] Reading sessions from keychain...
2024-08-22 11:50:45.159 [info] Getting sessions for all scopes...
2024-08-22 11:50:45.159 [info] Getting sessions for all scopes...
2024-08-22 11:50:45.159 [info] Getting sessions for user:email...
2024-08-22 11:50:45.159 [info] Got stored sessions!
2024-08-22 11:50:45.159 [info] Got 2 verified sessions.
2024-08-22 11:50:45.159 [info] Got 2 sessions for ...
2024-08-22 11:50:45.159 [info] Got 2 sessions for ...
2024-08-22 11:50:45.159 [info] Got 1 sessions for user:email...
2024-08-22 12:19:19.705 [info] Reading sessions from keychain...
2024-08-22 12:19:19.705 [info] Getting sessions for all scopes...
2024-08-22 12:19:19.705 [info] Getting sessions for all scopes...
2024-08-22 12:19:19.705 [info] Got stored sessions!
2024-08-22 12:19:19.705 [info] Got 2 verified sessions.
2024-08-22 12:19:19.705 [info] Got 2 sessions for ...
2024-08-22 12:19:19.705 [info] Got 2 sessions for ...
2024-08-22 12:19:19.705 [info] Getting sessions for codespace,read:user,repo,user:email...
2024-08-22 12:19:19.705 [info] Got 0 sessions for codespace,read:user,repo,user:email...
2024-08-22 12:19:19.773 [info] Getting sessions for codespace,read:user,repo,user:email...
2024-08-22 12:19:19.773 [info] Got 0 sessions for codespace,read:user,repo,user:email...
2024-08-22 12:19:19.797 [info] Getting sessions for all scopes...
2024-08-22 12:19:19.797 [info] Got 2 sessions for ...
2024-08-22 12:19:20.940 [info] Getting sessions for user:email...
2024-08-22 12:19:20.940 [info] Got 1 sessions for user:email...
