2024-08-22 11:46:19.613 [info] Reading sessions from keychain...
2024-08-22 11:46:19.613 [info] Getting sessions for all scopes...
2024-08-22 11:46:19.613 [info] Getting sessions for all scopes...
2024-08-22 11:46:19.613 [info] Got stored sessions!
2024-08-22 11:46:19.613 [info] Got 2 verified sessions.
2024-08-22 11:46:19.613 [info] Got 2 sessions for ...
2024-08-22 11:46:19.613 [info] Got 2 sessions for ...
2024-08-22 11:46:19.613 [info] Getting sessions for user:email...
2024-08-22 11:46:19.613 [info] Got 1 sessions for user:email...
2024-08-22 11:46:29.716 [info] Reading sessions from keychain...
2024-08-22 11:46:29.716 [info] Getting sessions for all scopes...
2024-08-22 11:46:29.716 [info] Getting sessions for all scopes...
2024-08-22 11:46:29.716 [info] Got stored sessions!
2024-08-22 11:46:29.716 [info] Got 2 verified sessions.
2024-08-22 11:46:29.716 [info] Got 2 sessions for ...
2024-08-22 11:46:29.716 [info] Got 2 sessions for ...
2024-08-22 11:46:29.716 [info] Getting sessions for user:email...
2024-08-22 11:46:29.716 [info] Got 1 sessions for user:email...
2024-08-22 11:46:31.440 [info] Getting sessions for read:user,repo,user:email,workflow...
2024-08-22 11:46:31.440 [info] Got 1 sessions for read:user,repo,user:email,workflow...
2024-08-22 11:46:32.644 [info] Getting sessions for read:user,repo,user:email,workflow...
2024-08-22 11:46:32.644 [info] Got 1 sessions for read:user,repo,user:email,workflow...
