[Warn  - 11:11:58 AM] 05:41:58.122 WARNING ⛔️ Environment variable configuration is being deprecated, please use workspace configuration. The following environment variables were used: shfmt
[Info  - 11:11:58 AM] 05:41:58.171 INFO BackgroundAnalysis: resolving glob "**/*@(.sh|.inc|.bash|.command)" inside "file:///home/abhi/.config"...
[Info  - 11:11:58 AM] 05:41:58.272 INFO BackgroundAnalysis: Glob resolved with 406 files after 0.101 seconds
[Warn  - 11:11:58 AM] 05:41:58.312 WARNING ⛔️ file:///home/abhi/.config/rofi/rofi-network-manager.sh line 26: non-constant source not supported
[Warn  - 11:11:58 AM] 05:41:58.312 WARNING ⛔️ file:///home/abhi/.config/rofi/rofi-network-manager.sh line 26: non-constant source not supported
[Warn  - 11:11:58 AM] 05:41:58.326 WARNING ⛔️ file:///home/abhi/.config/rofi_adi/rofi-network-manager.sh line 26: non-constant source not supported
[Warn  - 11:11:58 AM] 05:41:58.326 WARNING ⛔️ file:///home/abhi/.config/rofi_adi/rofi-network-manager.sh line 26: non-constant source not supported
[Warn  - 11:11:58 AM] 05:41:58.368 WARNING ⛔️ Error while parsing file:///home/abhi/.config/qtile/scripts/tempCodeRunnerFile.sh: syntax error
[Warn  - 11:11:58 AM] 05:41:58.377 WARNING ⛔️ file:///home/abhi/.config/rofi/applets/bin/appasroot.sh line 8: non-constant source not supported
[Warn  - 11:11:58 AM] 05:41:58.380 WARNING ⛔️ file:///home/abhi/.config/rofi/applets/bin/apps.sh line 8: non-constant source not supported
[Warn  - 11:11:58 AM] 05:41:58.385 WARNING ⛔️ file:///home/abhi/.config/rofi/applets/bin/battery.sh line 8: non-constant source not supported
[Warn  - 11:11:58 AM] 05:41:58.389 WARNING ⛔️ file:///home/abhi/.config/rofi/applets/bin/brightness.sh line 8: non-constant source not supported
[Warn  - 11:11:58 AM] 05:41:58.392 WARNING ⛔️ file:///home/abhi/.config/rofi/applets/bin/mpd.sh line 8: non-constant source not supported
[Warn  - 11:11:58 AM] 05:41:58.395 WARNING ⛔️ file:///home/abhi/.config/rofi/applets/bin/powermenu.sh line 8: non-constant source not supported
[Warn  - 11:11:58 AM] 05:41:58.397 WARNING ⛔️ file:///home/abhi/.config/rofi/applets/bin/quicklinks.sh line 8: non-constant source not supported
[Warn  - 11:11:58 AM] 05:41:58.400 WARNING ⛔️ file:///home/abhi/.config/rofi/applets/bin/screenshot.sh line 8: non-constant source not supported
[Warn  - 11:11:58 AM] 05:41:58.404 WARNING ⛔️ file:///home/abhi/.config/rofi/applets/bin/volume.sh line 8: non-constant source not supported
[Warn  - 11:11:58 AM] 05:41:58.421 WARNING ⛔️ file:///home/abhi/.config/rofi_adi/applets/bin/appasroot.sh line 8: non-constant source not supported
[Warn  - 11:11:58 AM] 05:41:58.423 WARNING ⛔️ file:///home/abhi/.config/rofi_adi/applets/bin/apps.sh line 8: non-constant source not supported
[Warn  - 11:11:58 AM] 05:41:58.427 WARNING ⛔️ file:///home/abhi/.config/rofi_adi/applets/bin/battery.sh line 8: non-constant source not supported
[Warn  - 11:11:58 AM] 05:41:58.431 WARNING ⛔️ file:///home/abhi/.config/rofi_adi/applets/bin/brightness.sh line 8: non-constant source not supported
[Warn  - 11:11:58 AM] 05:41:58.434 WARNING ⛔️ file:///home/abhi/.config/rofi_adi/applets/bin/mpd.sh line 8: non-constant source not supported
[Warn  - 11:11:58 AM] 05:41:58.436 WARNING ⛔️ file:///home/abhi/.config/rofi_adi/applets/bin/powermenu.sh line 8: non-constant source not supported
[Warn  - 11:11:58 AM] 05:41:58.438 WARNING ⛔️ file:///home/abhi/.config/rofi_adi/applets/bin/quicklinks.sh line 8: non-constant source not supported
[Warn  - 11:11:58 AM] 05:41:58.441 WARNING ⛔️ file:///home/abhi/.config/rofi_adi/applets/bin/screenshot.sh line 8: non-constant source not supported
[Warn  - 11:11:58 AM] 05:41:58.445 WARNING ⛔️ file:///home/abhi/.config/rofi_adi/applets/bin/volume.sh line 8: non-constant source not supported
[Warn  - 11:11:58 AM] 05:41:58.679 WARNING ⛔️ ShellCheck: disabling linting as no executable was found at path 'shellcheck'
[Warn  - 11:11:58 AM] 05:41:58.745 WARNING ⛔️ Error while parsing file:///home/abhi/.config/Code/User/History/40e6a0bc/9XlS.sh: syntax error
[Warn  - 11:11:58 AM] 05:41:58.899 WARNING ⛔️ file:///home/abhi/.config/rofi/files/applets/bin/appasroot.sh line 8: non-constant source not supported
[Warn  - 11:11:58 AM] 05:41:58.903 WARNING ⛔️ file:///home/abhi/.config/rofi/files/applets/bin/apps.sh line 8: non-constant source not supported
[Warn  - 11:11:58 AM] 05:41:58.908 WARNING ⛔️ file:///home/abhi/.config/rofi/files/applets/bin/battery.sh line 8: non-constant source not supported
[Warn  - 11:11:58 AM] 05:41:58.911 WARNING ⛔️ file:///home/abhi/.config/rofi/files/applets/bin/brightness.sh line 8: non-constant source not supported
[Warn  - 11:11:58 AM] 05:41:58.915 WARNING ⛔️ file:///home/abhi/.config/rofi/files/applets/bin/mpd.sh line 8: non-constant source not supported
[Warn  - 11:11:58 AM] 05:41:58.918 WARNING ⛔️ file:///home/abhi/.config/rofi/files/applets/bin/powermenu.sh line 8: non-constant source not supported
[Warn  - 11:11:58 AM] 05:41:58.921 WARNING ⛔️ file:///home/abhi/.config/rofi/files/applets/bin/quicklinks.sh line 8: non-constant source not supported
[Warn  - 11:11:58 AM] 05:41:58.926 WARNING ⛔️ file:///home/abhi/.config/rofi/files/applets/bin/screenshot.sh line 8: non-constant source not supported
[Warn  - 11:11:58 AM] 05:41:58.934 WARNING ⛔️ file:///home/abhi/.config/rofi/files/applets/bin/volume.sh line 8: non-constant source not supported
[Warn  - 11:11:58 AM] 05:41:58.963 WARNING ⛔️ file:///home/abhi/.config/rofi_adi/files/applets/bin/appasroot.sh line 8: non-constant source not supported
[Warn  - 11:11:58 AM] 05:41:58.965 WARNING ⛔️ file:///home/abhi/.config/rofi_adi/files/applets/bin/apps.sh line 8: non-constant source not supported
[Warn  - 11:11:58 AM] 05:41:58.970 WARNING ⛔️ file:///home/abhi/.config/rofi_adi/files/applets/bin/battery.sh line 8: non-constant source not supported
[Warn  - 11:11:58 AM] 05:41:58.972 WARNING ⛔️ file:///home/abhi/.config/rofi_adi/files/applets/bin/brightness.sh line 8: non-constant source not supported
[Warn  - 11:11:58 AM] 05:41:58.975 WARNING ⛔️ file:///home/abhi/.config/rofi_adi/files/applets/bin/mpd.sh line 8: non-constant source not supported
[Warn  - 11:11:58 AM] 05:41:58.977 WARNING ⛔️ file:///home/abhi/.config/rofi_adi/files/applets/bin/powermenu.sh line 8: non-constant source not supported
[Warn  - 11:11:58 AM] 05:41:58.979 WARNING ⛔️ file:///home/abhi/.config/rofi_adi/files/applets/bin/quicklinks.sh line 8: non-constant source not supported
[Warn  - 11:11:58 AM] 05:41:58.983 WARNING ⛔️ file:///home/abhi/.config/rofi_adi/files/applets/bin/screenshot.sh line 8: non-constant source not supported
[Warn  - 11:11:58 AM] 05:41:58.986 WARNING ⛔️ file:///home/abhi/.config/rofi_adi/files/applets/bin/volume.sh line 8: non-constant source not supported
[Info  - 11:11:59 AM] 05:41:59.001 INFO BackgroundAnalysis: Completed after 0.829 seconds.
