2024-08-21 17:34:14.118 [info] Extension host with pid 2570 started
2024-08-21 17:34:14.118 [info] Skipping acquiring lock for /home/abhi/.config/Code/User/workspaceStorage/7a0597edd46da66bd31d4a0e767dc861.
2024-08-21 17:34:14.176 [info] ExtensionService#_doActivateExtension vscode.ipynb, startup: false, activationEvent: 'onNotebookSerializer:jupyter-notebook'
2024-08-21 17:34:14.195 [info] ExtensionService#_doActivateExtension vscode.git-base, startup: true, activationEvent: '*', root cause: vscode.git
2024-08-21 17:34:14.197 [info] ExtensionService#_doActivateExtension formulahendry.auto-rename-tag, startup: true, activationEvent: '*'
2024-08-21 17:34:14.205 [info] ExtensionService#_doActivateExtension Zignd.html-css-class-completion, startup: true, activationEvent: '*'
2024-08-21 17:34:14.236 [info] ExtensionService#_doActivateExtension ms-python.python, startup: true, activationEvent: 'workspaceContains:requirements.txt'
2024-08-21 17:34:14.371 [info] ExtensionService#_doActivateExtension vscode.git, startup: true, activationEvent: '*'
2024-08-21 17:34:14.400 [info] ExtensionService#_doActivateExtension vscode.github, startup: true, activationEvent: '*'
2024-08-21 17:34:14.590 [info] ExtensionService#_doActivateExtension GitHub.codespaces, startup: false, activationEvent: 'onNotebook:jupyter-notebook'
2024-08-21 17:34:14.694 [info] ExtensionService#_doActivateExtension ms-toolsai.jupyter, startup: false, activationEvent: 'onNotebook:jupyter-notebook'
2024-08-21 17:34:14.698 [info] ExtensionService#_doActivateExtension ms-toolsai.vscode-jupyter-cell-tags, startup: false, activationEvent: 'onNotebook:jupyter-notebook'
2024-08-21 17:34:14.702 [info] ExtensionService#_doActivateExtension ms-toolsai.vscode-jupyter-slideshow, startup: false, activationEvent: 'onNotebook:jupyter-notebook'
2024-08-21 17:34:14.705 [info] ExtensionService#_doActivateExtension batisteo.vscode-django, startup: false, activationEvent: 'onLanguage:python'
2024-08-21 17:34:14.715 [info] ExtensionService#_doActivateExtension vscode.emmet, startup: false, activationEvent: 'onLanguage'
2024-08-21 17:34:14.752 [info] ExtensionService#_doActivateExtension ms-python.debugpy, startup: false, activationEvent: 'onLanguage:python'
2024-08-21 17:34:14.776 [info] ExtensionService#_doActivateExtension ms-python.isort, startup: false, activationEvent: 'onLanguage:python'
2024-08-21 17:34:14.791 [info] ExtensionService#_doActivateExtension ms-python.vscode-pylance, startup: false, activationEvent: 'onLanguage:python'
2024-08-21 17:34:15.244 [info] ExtensionService#_doActivateExtension ms-toolsai.jupyter-renderers, startup: false, activationEvent: 'api', root cause: ms-toolsai.jupyter
2024-08-21 17:34:15.368 [info] ExtensionService#_doActivateExtension vscode.github-authentication, startup: false, activationEvent: 'api', root cause: GitHub.codespaces
2024-08-21 17:34:15.594 [info] Eager extensions activated
2024-08-21 17:34:15.646 [info] ExtensionService#_doActivateExtension vscode.debug-auto-launch, startup: false, activationEvent: 'onStartupFinished'
2024-08-21 17:34:15.649 [info] ExtensionService#_doActivateExtension vscode.merge-conflict, startup: false, activationEvent: 'onStartupFinished'
2024-08-21 17:34:15.658 [info] ExtensionService#_doActivateExtension bierner.color-info, startup: false, activationEvent: 'onStartupFinished'
2024-08-21 17:34:15.662 [info] ExtensionService#_doActivateExtension cweijan.vscode-office, startup: false, activationEvent: 'onStartupFinished'
2024-08-21 17:34:15.736 [info] ExtensionService#_doActivateExtension dsznajder.es7-react-js-snippets, startup: false, activationEvent: 'onStartupFinished'
2024-08-21 17:34:16.060 [info] ExtensionService#_doActivateExtension ecmel.vscode-html-css, startup: false, activationEvent: 'onStartupFinished'
2024-08-21 17:34:16.061 [info] ExtensionService#_doActivateExtension equinusocio.vsc-material-theme-icons, startup: false, activationEvent: 'onStartupFinished'
2024-08-21 17:34:16.095 [info] ExtensionService#_doActivateExtension esbenp.prettier-vscode, startup: false, activationEvent: 'onStartupFinished'
2024-08-21 17:34:16.120 [info] ExtensionService#_doActivateExtension formulahendry.code-runner, startup: false, activationEvent: 'onStartupFinished'
2024-08-21 17:34:16.143 [info] ExtensionService#_doActivateExtension ms-vscode-remote.remote-containers, startup: false, activationEvent: 'onStartupFinished'
2024-08-21 17:34:16.174 [info] ExtensionService#_doActivateExtension naumovs.color-highlight, startup: false, activationEvent: 'onStartupFinished'
2024-08-21 17:34:16.178 [info] ExtensionService#_doActivateExtension PKief.material-icon-theme, startup: false, activationEvent: 'onStartupFinished'
2024-08-21 17:34:16.186 [info] ExtensionService#_doActivateExtension Postman.postman-for-vscode, startup: false, activationEvent: 'onStartupFinished'
2024-08-21 17:34:16.368 [info] ExtensionService#_doActivateExtension ritwickdey.LiveServer, startup: false, activationEvent: 'onStartupFinished'
2024-08-21 17:34:16.376 [info] ExtensionService#_doActivateExtension vscode-icons-team.vscode-icons, startup: false, activationEvent: 'onStartupFinished'
2024-08-21 17:34:18.089 [info] ExtensionService#_doActivateExtension vscode.configuration-editing, startup: false, activationEvent: 'onLanguage:jsonc'
2024-08-21 17:34:18.093 [info] ExtensionService#_doActivateExtension vscode.json-language-features, startup: false, activationEvent: 'onLanguage:jsonc'
2024-08-21 17:34:18.109 [info] ExtensionService#_doActivateExtension vscode.typescript-language-features, startup: false, activationEvent: 'onLanguage:jsonc'
2024-08-21 17:36:46.412 [info] ExtensionService#_doActivateExtension mechatroner.rainbow-csv, startup: false, activationEvent: 'onLanguage:plaintext'
