2024-08-22 11:50:42.303 [info] [main] Log level: Info
2024-08-22 11:50:42.303 [info] [main] Validating found git in: "git"
2024-08-22 11:50:42.303 [info] [main] Using git "2.46.0" from "git"
2024-08-22 11:50:42.303 [info] [Model][doInitialScan] Initial repository scan started
2024-08-22 11:50:42.303 [info] > git rev-parse --show-toplevel [6ms]
2024-08-22 11:50:42.303 [info] fatal: not a git repository (or any of the parent directories): .git
2024-08-22 11:50:42.303 [info] [Model][doInitialScan] Initial repository scan completed - repositories (0), closed repositories (0), parent repositories (0), unsafe repositories (0)
2024-08-22 12:19:19.425 [info] [main] Log level: Info
2024-08-22 12:19:19.425 [info] [main] Validating found git in: "git"
2024-08-22 12:19:19.425 [info] [main] Using git "2.46.0" from "git"
2024-08-22 12:19:19.425 [info] [Model][doInitialScan] Initial repository scan started
2024-08-22 12:19:19.425 [info] > git rev-parse --show-toplevel [350ms]
2024-08-22 12:19:19.425 [info] fatal: not a git repository (or any of the parent directories): .git
2024-08-22 12:19:19.459 [info] > git rev-parse --show-toplevel [68ms]
2024-08-22 12:19:19.459 [info] fatal: not a git repository (or any of the parent directories): .git
2024-08-22 12:19:19.525 [info] > git rev-parse --show-toplevel [21ms]
2024-08-22 12:19:19.525 [info] fatal: not a git repository (or any of the parent directories): .git
2024-08-22 12:19:19.526 [info] [Model][doInitialScan] Initial repository scan completed - repositories (0), closed repositories (0), parent repositories (0), unsafe repositories (0)
2024-08-22 12:19:19.650 [info] > git rev-parse --show-toplevel [14ms]
2024-08-22 12:19:19.650 [info] fatal: not a git repository (or any of the parent directories): .git
2024-08-22 12:19:19.690 [info] > git rev-parse --show-toplevel [12ms]
2024-08-22 12:19:19.690 [info] fatal: not a git repository (or any of the parent directories): .git
2024-08-22 12:19:19.862 [info] > git rev-parse --show-toplevel [28ms]
2024-08-22 12:19:19.862 [info] fatal: not a git repository (or any of the parent directories): .git
2024-08-22 12:19:21.043 [info] > git rev-parse --show-toplevel [65ms]
2024-08-22 12:19:21.043 [info] fatal: not a git repository (or any of the parent directories): .git
2024-08-22 12:19:21.085 [info] > git rev-parse --show-toplevel [7ms]
2024-08-22 12:19:21.085 [info] fatal: not a git repository (or any of the parent directories): .git
2024-08-22 12:19:21.105 [info] > git rev-parse --show-toplevel [7ms]
2024-08-22 12:19:21.106 [info] fatal: not a git repository (or any of the parent directories): .git
2024-08-22 12:26:56.172 [info] > git rev-parse --show-toplevel [2ms]
2024-08-22 12:26:56.172 [info] fatal: not a git repository (or any of the parent directories): .git
