2024-08-22 12:29:04.381 [info] [main] Log level: Info
2024-08-22 12:29:04.381 [info] [main] Validating found git in: "git"
2024-08-22 12:29:04.381 [info] [main] Using git "2.46.0" from "git"
2024-08-22 12:29:04.381 [info] [Model][doInitialScan] Initial repository scan started
2024-08-22 12:29:04.381 [info] > git rev-parse --show-toplevel [3ms]
2024-08-22 12:29:04.381 [info] fatal: not a git repository (or any of the parent directories): .git
2024-08-22 12:29:04.381 [info] [Model][doInitialScan] Initial repository scan completed - repositories (0), closed repositories (0), parent repositories (0), unsafe repositories (0)
2024-08-22 12:30:36.359 [info] [main] Log level: Info
2024-08-22 12:30:36.359 [info] [main] Validating found git in: "git"
2024-08-22 12:30:36.359 [info] [main] Using git "2.46.0" from "git"
2024-08-22 12:30:36.359 [info] [Model][doInitialScan] Initial repository scan started
2024-08-22 12:30:36.359 [info] > git rev-parse --show-toplevel [3ms]
2024-08-22 12:30:36.359 [info] fatal: not a git repository (or any of the parent directories): .git
2024-08-22 12:30:36.364 [info] > git rev-parse --show-toplevel [1ms]
2024-08-22 12:30:36.364 [info] fatal: not a git repository (or any of the parent directories): .git
2024-08-22 12:30:36.374 [info] > git rev-parse --show-toplevel [1ms]
2024-08-22 12:30:36.374 [info] fatal: not a git repository (or any of the parent directories): .git
2024-08-22 12:30:36.377 [info] > git rev-parse --show-toplevel [1ms]
2024-08-22 12:30:36.377 [info] fatal: not a git repository (or any of the parent directories): .git
2024-08-22 12:30:36.380 [info] > git rev-parse --show-toplevel [0ms]
2024-08-22 12:30:36.380 [info] fatal: not a git repository (or any of the parent directories): .git
2024-08-22 12:30:36.384 [info] > git rev-parse --show-toplevel [1ms]
2024-08-22 12:30:36.384 [info] fatal: not a git repository (or any of the parent directories): .git
2024-08-22 12:30:36.387 [info] > git rev-parse --show-toplevel [1ms]
2024-08-22 12:30:36.387 [info] fatal: not a git repository (or any of the parent directories): .git
2024-08-22 12:30:36.766 [info] > git rev-parse --show-toplevel [375ms]
2024-08-22 12:30:36.766 [info] fatal: not a git repository (or any of the parent directories): .git
2024-08-22 12:30:36.818 [info] > git rev-parse --show-toplevel [8ms]
2024-08-22 12:30:36.818 [info] fatal: not a git repository (or any of the parent directories): .git
2024-08-22 12:30:36.838 [info] > git rev-parse --show-toplevel [1ms]
2024-08-22 12:30:36.838 [info] fatal: not a git repository (or any of the parent directories): .git
2024-08-22 12:30:36.843 [info] > git rev-parse --show-toplevel [2ms]
2024-08-22 12:30:36.843 [info] fatal: not a git repository (or any of the parent directories): .git
2024-08-22 12:30:36.860 [info] > git rev-parse --show-toplevel [3ms]
2024-08-22 12:30:36.860 [info] fatal: not a git repository (or any of the parent directories): .git
2024-08-22 12:30:36.912 [info] > git rev-parse --show-toplevel [40ms]
2024-08-22 12:30:36.912 [info] fatal: not a git repository (or any of the parent directories): .git
2024-08-22 12:30:36.919 [info] > git rev-parse --show-toplevel [2ms]
2024-08-22 12:30:36.919 [info] fatal: not a git repository (or any of the parent directories): .git
2024-08-22 12:30:36.938 [info] > git rev-parse --show-toplevel [16ms]
2024-08-22 12:30:36.938 [info] fatal: not a git repository (or any of the parent directories): .git
2024-08-22 12:30:36.973 [info] > git rev-parse --show-toplevel [32ms]
2024-08-22 12:30:36.973 [info] fatal: not a git repository (or any of the parent directories): .git
2024-08-22 12:30:36.979 [info] > git rev-parse --show-toplevel [2ms]
2024-08-22 12:30:36.979 [info] fatal: not a git repository (or any of the parent directories): .git
2024-08-22 12:30:36.989 [info] > git rev-parse --show-toplevel [7ms]
2024-08-22 12:30:36.989 [info] fatal: not a git repository (or any of the parent directories): .git
2024-08-22 12:30:36.993 [info] > git rev-parse --show-toplevel [1ms]
2024-08-22 12:30:36.993 [info] fatal: not a git repository (or any of the parent directories): .git
2024-08-22 12:30:36.996 [info] > git rev-parse --show-toplevel [0ms]
2024-08-22 12:30:36.996 [info] fatal: not a git repository (or any of the parent directories): .git
2024-08-22 12:30:37.000 [info] > git rev-parse --show-toplevel [1ms]
2024-08-22 12:30:37.000 [info] fatal: not a git repository (or any of the parent directories): .git
2024-08-22 12:30:37.003 [info] > git rev-parse --show-toplevel [1ms]
2024-08-22 12:30:37.003 [info] fatal: not a git repository (or any of the parent directories): .git
2024-08-22 12:30:37.007 [info] > git rev-parse --show-toplevel [1ms]
2024-08-22 12:30:37.007 [info] fatal: not a git repository (or any of the parent directories): .git
2024-08-22 12:30:37.010 [info] > git rev-parse --show-toplevel [0ms]
2024-08-22 12:30:37.010 [info] fatal: not a git repository (or any of the parent directories): .git
2024-08-22 12:30:37.014 [info] > git rev-parse --show-toplevel [1ms]
2024-08-22 12:30:37.014 [info] fatal: not a git repository (or any of the parent directories): .git
2024-08-22 12:30:37.017 [info] > git rev-parse --show-toplevel [1ms]
2024-08-22 12:30:37.017 [info] fatal: not a git repository (or any of the parent directories): .git
2024-08-22 12:30:37.020 [info] > git rev-parse --show-toplevel [0ms]
2024-08-22 12:30:37.020 [info] fatal: not a git repository (or any of the parent directories): .git
2024-08-22 12:30:37.056 [info] > git rev-parse --show-toplevel [33ms]
2024-08-22 12:30:37.056 [info] fatal: not a git repository (or any of the parent directories): .git
2024-08-22 12:30:37.061 [info] > git rev-parse --show-toplevel [0ms]
2024-08-22 12:30:37.061 [info] fatal: not a git repository (or any of the parent directories): .git
2024-08-22 12:30:37.065 [info] > git rev-parse --show-toplevel [1ms]
2024-08-22 12:30:37.066 [info] fatal: not a git repository (or any of the parent directories): .git
2024-08-22 12:30:37.069 [info] > git rev-parse --show-toplevel [0ms]
2024-08-22 12:30:37.069 [info] fatal: not a git repository (or any of the parent directories): .git
2024-08-22 12:30:37.073 [info] > git rev-parse --show-toplevel [1ms]
2024-08-22 12:30:37.073 [info] fatal: not a git repository (or any of the parent directories): .git
2024-08-22 12:30:37.076 [info] > git rev-parse --show-toplevel [1ms]
2024-08-22 12:30:37.076 [info] fatal: not a git repository (or any of the parent directories): .git
2024-08-22 12:30:37.079 [info] > git rev-parse --show-toplevel [0ms]
2024-08-22 12:30:37.079 [info] fatal: not a git repository (or any of the parent directories): .git
2024-08-22 12:30:37.083 [info] > git rev-parse --show-toplevel [1ms]
2024-08-22 12:30:37.083 [info] fatal: not a git repository (or any of the parent directories): .git
2024-08-22 12:30:37.086 [info] > git rev-parse --show-toplevel [1ms]
2024-08-22 12:30:37.086 [info] fatal: not a git repository (or any of the parent directories): .git
2024-08-22 12:30:37.090 [info] > git rev-parse --show-toplevel [1ms]
2024-08-22 12:30:37.090 [info] fatal: not a git repository (or any of the parent directories): .git
2024-08-22 12:30:37.093 [info] > git rev-parse --show-toplevel [0ms]
2024-08-22 12:30:37.093 [info] fatal: not a git repository (or any of the parent directories): .git
2024-08-22 12:30:37.097 [info] > git rev-parse --show-toplevel [1ms]
2024-08-22 12:30:37.097 [info] fatal: not a git repository (or any of the parent directories): .git
2024-08-22 12:30:37.100 [info] > git rev-parse --show-toplevel [1ms]
2024-08-22 12:30:37.100 [info] fatal: not a git repository (or any of the parent directories): .git
2024-08-22 12:30:37.103 [info] > git rev-parse --show-toplevel [1ms]
2024-08-22 12:30:37.103 [info] fatal: not a git repository (or any of the parent directories): .git
2024-08-22 12:30:37.106 [info] > git rev-parse --show-toplevel [0ms]
2024-08-22 12:30:37.106 [info] fatal: not a git repository (or any of the parent directories): .git
2024-08-22 12:30:37.110 [info] > git rev-parse --show-toplevel [1ms]
2024-08-22 12:30:37.110 [info] fatal: not a git repository (or any of the parent directories): .git
2024-08-22 12:30:37.113 [info] > git rev-parse --show-toplevel [1ms]
2024-08-22 12:30:37.113 [info] fatal: not a git repository (or any of the parent directories): .git
2024-08-22 12:30:37.116 [info] > git rev-parse --show-toplevel [0ms]
2024-08-22 12:30:37.116 [info] fatal: not a git repository (or any of the parent directories): .git
2024-08-22 12:30:37.119 [info] > git rev-parse --show-toplevel [0ms]
2024-08-22 12:30:37.119 [info] fatal: not a git repository (or any of the parent directories): .git
2024-08-22 12:30:37.123 [info] > git rev-parse --show-toplevel [1ms]
2024-08-22 12:30:37.123 [info] fatal: not a git repository (or any of the parent directories): .git
2024-08-22 12:30:37.126 [info] > git rev-parse --show-toplevel [1ms]
2024-08-22 12:30:37.126 [info] fatal: not a git repository (or any of the parent directories): .git
2024-08-22 12:30:37.129 [info] > git rev-parse --show-toplevel [1ms]
2024-08-22 12:30:37.129 [info] fatal: not a git repository (or any of the parent directories): .git
2024-08-22 12:30:37.130 [info] [Model][doInitialScan] Initial repository scan completed - repositories (0), closed repositories (0), parent repositories (0), unsafe repositories (0)
2024-08-22 12:30:37.232 [info] > git rev-parse --show-toplevel [1ms]
2024-08-22 12:30:37.232 [info] fatal: not a git repository (or any of the parent directories): .git
2024-08-22 12:31:17.232 [info] > git rev-parse --show-toplevel [1ms]
2024-08-22 12:31:17.232 [info] fatal: not a git repository (or any of the parent directories): .git
2024-08-22 12:31:17.242 [info] > git rev-parse --show-toplevel [2ms]
2024-08-22 12:31:17.242 [info] fatal: not a git repository (or any of the parent directories): .git
2024-08-22 12:32:18.940 [info] > git rev-parse --show-toplevel [1ms]
2024-08-22 12:32:18.940 [info] fatal: not a git repository (or any of the parent directories): .git
2024-08-22 12:32:22.207 [info] > git rev-parse --show-toplevel [1ms]
2024-08-22 12:32:22.207 [info] fatal: not a git repository (or any of the parent directories): .git
2024-08-22 12:32:23.004 [info] > git rev-parse --show-toplevel [2ms]
2024-08-22 12:32:23.004 [info] fatal: not a git repository (or any of the parent directories): .git
2024-08-22 12:32:34.111 [info] > git rev-parse --show-toplevel [2ms]
2024-08-22 12:32:34.111 [info] fatal: not a git repository (or any of the parent directories): .git
2024-08-22 12:33:01.291 [info] > git rev-parse --show-toplevel [2ms]
2024-08-22 12:33:01.291 [info] fatal: not a git repository (or any of the parent directories): .git
2024-08-22 12:33:07.410 [info] > git rev-parse --show-toplevel [1ms]
2024-08-22 12:33:07.410 [info] fatal: not a git repository (or any of the parent directories): .git
2024-08-22 12:33:09.853 [info] > git rev-parse --show-toplevel [2ms]
2024-08-22 12:33:09.853 [info] fatal: not a git repository (or any of the parent directories): .git
2024-08-22 12:33:11.394 [info] > git rev-parse --show-toplevel [1ms]
2024-08-22 12:33:11.394 [info] fatal: not a git repository (or any of the parent directories): .git
2024-08-22 12:33:12.689 [info] > git rev-parse --show-toplevel [2ms]
2024-08-22 12:33:12.689 [info] fatal: not a git repository (or any of the parent directories): .git
2024-08-22 12:33:18.424 [info] > git rev-parse --show-toplevel [1ms]
2024-08-22 12:33:18.424 [info] fatal: not a git repository (or any of the parent directories): .git
2024-08-22 12:33:27.673 [info] > git rev-parse --show-toplevel [2ms]
2024-08-22 12:33:27.673 [info] fatal: not a git repository (or any of the parent directories): .git
2024-08-22 12:33:31.935 [info] > git rev-parse --show-toplevel [1ms]
2024-08-22 12:33:31.935 [info] fatal: not a git repository (or any of the parent directories): .git
2024-08-22 12:33:39.225 [info] > git rev-parse --show-toplevel [1ms]
2024-08-22 12:33:39.225 [info] fatal: not a git repository (or any of the parent directories): .git
2024-08-22 12:33:44.965 [info] > git rev-parse --show-toplevel [1ms]
2024-08-22 12:33:44.965 [info] fatal: not a git repository (or any of the parent directories): .git
2024-08-22 12:33:50.085 [info] > git rev-parse --show-toplevel [1ms]
2024-08-22 12:33:50.085 [info] fatal: not a git repository (or any of the parent directories): .git
2024-08-22 12:33:55.732 [info] > git rev-parse --show-toplevel [1ms]
2024-08-22 12:33:55.732 [info] fatal: not a git repository (or any of the parent directories): .git
2024-08-22 12:33:59.622 [info] > git rev-parse --show-toplevel [1ms]
2024-08-22 12:33:59.623 [info] fatal: not a git repository (or any of the parent directories): .git
2024-08-22 12:34:03.349 [info] > git rev-parse --show-toplevel [2ms]
2024-08-22 12:34:03.349 [info] fatal: not a git repository (or any of the parent directories): .git
2024-08-22 12:34:07.269 [info] > git rev-parse --show-toplevel [1ms]
2024-08-22 12:34:07.269 [info] fatal: not a git repository (or any of the parent directories): .git
2024-08-22 12:34:11.276 [info] > git rev-parse --show-toplevel [3ms]
2024-08-22 12:34:11.276 [info] fatal: not a git repository (or any of the parent directories): .git
2024-08-22 12:34:15.096 [info] > git rev-parse --show-toplevel [1ms]
2024-08-22 12:34:15.096 [info] fatal: not a git repository (or any of the parent directories): .git
2024-08-22 12:34:18.957 [info] > git rev-parse --show-toplevel [3ms]
2024-08-22 12:34:18.957 [info] fatal: not a git repository (or any of the parent directories): .git
2024-08-22 12:34:22.865 [info] > git rev-parse --show-toplevel [2ms]
2024-08-22 12:34:22.865 [info] fatal: not a git repository (or any of the parent directories): .git
2024-08-22 12:34:26.877 [info] > git rev-parse --show-toplevel [2ms]
2024-08-22 12:34:26.877 [info] fatal: not a git repository (or any of the parent directories): .git
2024-08-22 12:34:33.436 [info] > git rev-parse --show-toplevel [1ms]
2024-08-22 12:34:33.436 [info] fatal: not a git repository (or any of the parent directories): .git
2024-08-22 12:35:38.750 [info] > git rev-parse --show-toplevel [1ms]
2024-08-22 12:35:38.750 [info] fatal: not a git repository (or any of the parent directories): .git
2024-08-22 12:35:43.981 [info] > git rev-parse --show-toplevel [1ms]
2024-08-22 12:35:43.981 [info] fatal: not a git repository (or any of the parent directories): .git
2024-08-22 12:35:44.908 [info] > git rev-parse --show-toplevel [1ms]
2024-08-22 12:35:44.908 [info] fatal: not a git repository (or any of the parent directories): .git
2024-08-22 12:35:57.112 [info] > git rev-parse --show-toplevel [2ms]
2024-08-22 12:35:57.112 [info] fatal: not a git repository (or any of the parent directories): .git
2024-08-22 12:40:18.181 [info] > git rev-parse --show-toplevel [1ms]
2024-08-22 12:40:18.181 [info] fatal: not a git repository (or any of the parent directories): .git
2024-08-22 12:40:24.628 [info] > git rev-parse --show-toplevel [1ms]
2024-08-22 12:40:24.628 [info] fatal: not a git repository (or any of the parent directories): .git
2024-08-22 12:42:32.536 [info] > git rev-parse --show-toplevel [1ms]
2024-08-22 12:42:32.536 [info] fatal: not a git repository (or any of the parent directories): .git
2024-08-22 12:42:35.234 [info] > git rev-parse --show-toplevel [1ms]
2024-08-22 12:42:35.234 [info] fatal: not a git repository (or any of the parent directories): .git
2024-08-22 12:42:44.307 [info] > git rev-parse --show-toplevel [1ms]
2024-08-22 12:42:44.307 [info] fatal: not a git repository (or any of the parent directories): .git
2024-08-22 12:42:46.254 [info] > git rev-parse --show-toplevel [1ms]
2024-08-22 12:42:46.254 [info] fatal: not a git repository (or any of the parent directories): .git
2024-08-22 12:42:48.640 [info] > git rev-parse --show-toplevel [1ms]
2024-08-22 12:42:48.640 [info] fatal: not a git repository (or any of the parent directories): .git
2024-08-22 12:42:49.826 [info] > git rev-parse --show-toplevel [0ms]
2024-08-22 12:42:49.826 [info] fatal: not a git repository (or any of the parent directories): .git
2024-08-22 12:42:51.949 [info] > git rev-parse --show-toplevel [2ms]
2024-08-22 12:42:51.949 [info] fatal: not a git repository (or any of the parent directories): .git
2024-08-22 12:42:59.218 [info] > git rev-parse --show-toplevel [1ms]
2024-08-22 12:42:59.218 [info] fatal: not a git repository (or any of the parent directories): .git
2024-08-22 12:43:02.381 [info] > git rev-parse --show-toplevel [1ms]
2024-08-22 12:43:02.381 [info] fatal: not a git repository (or any of the parent directories): .git
2024-08-22 12:43:07.861 [info] > git rev-parse --show-toplevel [1ms]
2024-08-22 12:43:07.861 [info] fatal: not a git repository (or any of the parent directories): .git
2024-08-22 12:43:38.326 [info] > git rev-parse --show-toplevel [1ms]
2024-08-22 12:43:38.326 [info] fatal: not a git repository (or any of the parent directories): .git
