2024-08-22 11:46:18.590 [info] Using settings sync service https://vscode-sync.trafficmanager.net/
2024-08-22 11:46:18.590 [info] Auto Sync is enabled.
2024-08-22 11:46:18.590 [info] Auto Sync: Suspended until auth token is available.
2024-08-22 11:46:19.624 [info] Auto Sync: Triggered by Interval
2024-08-22 11:46:19.624 [info] Sync started.
2024-08-22 11:46:20.279 [info] Settings: No changes found during synchronizing settings.
2024-08-22 11:46:20.287 [info] Keybindings: No changes found during synchronizing keybindings.
2024-08-22 11:46:20.292 [info] Snippets: No changes found during synchronizing snippets.
2024-08-22 11:46:20.295 [info] Tasks: No changes found during synchronizing tasks.
2024-08-22 11:46:20.301 [info] GlobalState: No changes found during synchronizing ui state.
2024-08-22 11:46:20.352 [info] Extensions: No changes found during synchronizing extensions.
2024-08-22 11:46:20.361 [info] Profiles: No changes found during synchronizing profiles.
2024-08-22 11:46:20.363 [info] Syncing profile. newvscode
2024-08-22 11:46:20.439 [info] Settings (newvscode): No changes found during synchronizing settings.
2024-08-22 11:46:20.446 [info] Keybindings (newvscode): No changes found during synchronizing keybindings.
2024-08-22 11:46:20.449 [info] Snippets (newvscode): No changes found during synchronizing snippets.
2024-08-22 11:46:20.452 [info] Tasks (newvscode): No changes found during synchronizing tasks.
2024-08-22 11:46:20.460 [info] GlobalState (newvscode): No changes found during synchronizing ui state.
2024-08-22 11:46:20.501 [info] Extensions (newvscode): No changes found during synchronizing extensions.
2024-08-22 11:46:20.502 [info] Syncing profile. vscode_config
2024-08-22 11:46:20.559 [info] Settings (vscode_config): No changes found during synchronizing settings.
2024-08-22 11:46:20.568 [info] Keybindings (vscode_config): No changes found during synchronizing keybindings.
2024-08-22 11:46:20.572 [info] Snippets (vscode_config): No changes found during synchronizing snippets.
2024-08-22 11:46:20.575 [info] Tasks (vscode_config): No changes found during synchronizing tasks.
2024-08-22 11:46:20.591 [info] GlobalState (vscode_config): No changes found during synchronizing ui state.
2024-08-22 11:46:20.620 [info] Extensions (vscode_config): No changes found during synchronizing extensions.
2024-08-22 11:46:20.621 [info] Sync done. Took 997ms
