2024-08-22 12:29:03.053 [info] Using settings sync service https://vscode-sync.trafficmanager.net/
2024-08-22 12:29:03.053 [info] Auto Sync is enabled.
2024-08-22 12:29:03.053 [info] Auto Sync: Suspended until auth token is available.
2024-08-22 12:29:03.942 [info] Auto Sync: Triggered by Interval
2024-08-22 12:29:03.942 [info] Sync started.
2024-08-22 12:29:04.538 [info] Settings: No changes found during synchronizing settings.
2024-08-22 12:29:04.543 [info] Keybindings: No changes found during synchronizing keybindings.
2024-08-22 12:29:04.547 [info] Snippets: No changes found during synchronizing snippets.
2024-08-22 12:29:04.550 [info] Tasks: No changes found during synchronizing tasks.
2024-08-22 12:29:04.554 [info] GlobalState: No changes found during synchronizing ui state.
2024-08-22 12:29:04.598 [info] Extensions: No changes found during synchronizing extensions.
2024-08-22 12:29:04.605 [info] Profiles: No changes found during synchronizing profiles.
2024-08-22 12:29:04.606 [info] Syncing profile. newvscode
2024-08-22 12:29:04.654 [info] Settings (newvscode): No changes found during synchronizing settings.
2024-08-22 12:29:04.660 [info] Keybindings (newvscode): No changes found during synchronizing keybindings.
2024-08-22 12:29:04.662 [info] Snippets (newvscode): No changes found during synchronizing snippets.
2024-08-22 12:29:04.663 [info] Tasks (newvscode): No changes found during synchronizing tasks.
2024-08-22 12:29:04.668 [info] GlobalState (newvscode): No changes found during synchronizing ui state.
2024-08-22 12:29:04.706 [info] Extensions (newvscode): No changes found during synchronizing extensions.
2024-08-22 12:29:04.708 [info] Syncing profile. vscode_config
2024-08-22 12:29:04.766 [info] Settings (vscode_config): No changes found during synchronizing settings.
2024-08-22 12:29:04.773 [info] Keybindings (vscode_config): No changes found during synchronizing keybindings.
2024-08-22 12:29:04.776 [info] Snippets (vscode_config): No changes found during synchronizing snippets.
2024-08-22 12:29:04.778 [info] Tasks (vscode_config): No changes found during synchronizing tasks.
2024-08-22 12:29:04.792 [info] GlobalState (vscode_config): No changes found during synchronizing ui state.
2024-08-22 12:29:04.822 [info] Extensions (vscode_config): No changes found during synchronizing extensions.
2024-08-22 12:29:04.824 [info] Sync done. Took 882ms
2024-08-22 12:30:34.555 [info] Auto Sync: Triggered by Activity
2024-08-22 12:30:34.555 [info] Sync started.
2024-08-22 12:30:34.897 [info] Settings: No changes found during synchronizing settings.
2024-08-22 12:30:34.974 [info] Keybindings: No changes found during synchronizing keybindings.
2024-08-22 12:30:34.976 [info] Snippets: No changes found during synchronizing snippets.
2024-08-22 12:30:34.978 [info] Tasks: No changes found during synchronizing tasks.
2024-08-22 12:30:34.981 [info] GlobalState: No changes found during synchronizing ui state.
2024-08-22 12:30:35.031 [info] Extensions: No changes found during synchronizing extensions.
2024-08-22 12:30:35.033 [info] Profiles: No changes found during synchronizing profiles.
2024-08-22 12:30:35.033 [info] Syncing profile. newvscode
2024-08-22 12:30:35.035 [info] Settings (newvscode): No changes found during synchronizing settings.
2024-08-22 12:30:35.036 [info] Keybindings (newvscode): No changes found during synchronizing keybindings.
2024-08-22 12:30:35.038 [info] Snippets (newvscode): No changes found during synchronizing snippets.
2024-08-22 12:30:35.038 [info] Tasks (newvscode): No changes found during synchronizing tasks.
2024-08-22 12:30:35.039 [info] GlobalState (newvscode): No changes found during synchronizing ui state.
2024-08-22 12:30:35.073 [info] Extensions (newvscode): No changes found during synchronizing extensions.
2024-08-22 12:30:35.073 [info] Syncing profile. vscode_config
2024-08-22 12:30:35.076 [info] Settings (vscode_config): No changes found during synchronizing settings.
2024-08-22 12:30:35.077 [info] Keybindings (vscode_config): No changes found during synchronizing keybindings.
2024-08-22 12:30:35.079 [info] Snippets (vscode_config): No changes found during synchronizing snippets.
2024-08-22 12:30:35.084 [info] Tasks (vscode_config): No changes found during synchronizing tasks.
2024-08-22 12:30:35.087 [info] GlobalState (vscode_config): No changes found during synchronizing ui state.
2024-08-22 12:30:35.135 [info] Extensions (vscode_config): No changes found during synchronizing extensions.
2024-08-22 12:30:35.136 [info] Sync done. Took 582ms
2024-08-22 12:35:35.138 [info] Auto Sync: Triggered by Interval
2024-08-22 12:35:35.138 [info] Sync started.
2024-08-22 12:35:35.654 [info] Settings: No changes found during synchronizing settings.
2024-08-22 12:35:35.656 [info] Keybindings: No changes found during synchronizing keybindings.
2024-08-22 12:35:35.659 [info] Snippets: No changes found during synchronizing snippets.
2024-08-22 12:35:35.660 [info] Tasks: No changes found during synchronizing tasks.
2024-08-22 12:35:35.662 [info] GlobalState: No changes found during synchronizing ui state.
2024-08-22 12:35:35.710 [info] Extensions: No changes found during synchronizing extensions.
2024-08-22 12:35:35.711 [info] Profiles: No changes found during synchronizing profiles.
2024-08-22 12:35:35.711 [info] Syncing profile. newvscode
2024-08-22 12:35:35.713 [info] Settings (newvscode): No changes found during synchronizing settings.
2024-08-22 12:35:35.714 [info] Keybindings (newvscode): No changes found during synchronizing keybindings.
2024-08-22 12:35:35.715 [info] Snippets (newvscode): No changes found during synchronizing snippets.
2024-08-22 12:35:35.716 [info] Tasks (newvscode): No changes found during synchronizing tasks.
2024-08-22 12:35:35.717 [info] GlobalState (newvscode): No changes found during synchronizing ui state.
2024-08-22 12:35:35.745 [info] Extensions (newvscode): No changes found during synchronizing extensions.
2024-08-22 12:35:35.747 [info] Syncing profile. vscode_config
2024-08-22 12:35:35.752 [info] Settings (vscode_config): No changes found during synchronizing settings.
2024-08-22 12:35:35.755 [info] Keybindings (vscode_config): No changes found during synchronizing keybindings.
2024-08-22 12:35:35.758 [info] Snippets (vscode_config): No changes found during synchronizing snippets.
2024-08-22 12:35:35.760 [info] Tasks (vscode_config): No changes found during synchronizing tasks.
2024-08-22 12:35:35.763 [info] GlobalState (vscode_config): No changes found during synchronizing ui state.
2024-08-22 12:35:35.783 [info] Extensions (vscode_config): No changes found during synchronizing extensions.
2024-08-22 12:35:35.784 [info] Sync done. Took 647ms
2024-08-22 12:41:59.794 [info] Auto Sync: Triggered by Interval
2024-08-22 12:41:59.794 [info] Sync started.
2024-08-22 12:42:00.330 [info] Settings: No changes found during synchronizing settings.
2024-08-22 12:42:00.331 [info] Keybindings: No changes found during synchronizing keybindings.
2024-08-22 12:42:00.333 [info] Snippets: No changes found during synchronizing snippets.
2024-08-22 12:42:00.334 [info] Tasks: No changes found during synchronizing tasks.
2024-08-22 12:42:00.336 [info] GlobalState: No changes found during synchronizing ui state.
2024-08-22 12:42:00.378 [info] Extensions: No changes found during synchronizing extensions.
2024-08-22 12:42:00.378 [info] Profiles: No changes found during synchronizing profiles.
2024-08-22 12:42:00.379 [info] Syncing profile. newvscode
2024-08-22 12:42:00.380 [info] Settings (newvscode): No changes found during synchronizing settings.
2024-08-22 12:42:00.381 [info] Keybindings (newvscode): No changes found during synchronizing keybindings.
2024-08-22 12:42:00.383 [info] Snippets (newvscode): No changes found during synchronizing snippets.
2024-08-22 12:42:00.384 [info] Tasks (newvscode): No changes found during synchronizing tasks.
2024-08-22 12:42:00.385 [info] GlobalState (newvscode): No changes found during synchronizing ui state.
2024-08-22 12:42:00.417 [info] Extensions (newvscode): No changes found during synchronizing extensions.
2024-08-22 12:42:00.418 [info] Syncing profile. vscode_config
2024-08-22 12:42:00.423 [info] Settings (vscode_config): No changes found during synchronizing settings.
2024-08-22 12:42:00.428 [info] Keybindings (vscode_config): No changes found during synchronizing keybindings.
2024-08-22 12:42:00.431 [info] Snippets (vscode_config): No changes found during synchronizing snippets.
2024-08-22 12:42:00.433 [info] Tasks (vscode_config): No changes found during synchronizing tasks.
2024-08-22 12:42:00.435 [info] GlobalState (vscode_config): No changes found during synchronizing ui state.
2024-08-22 12:42:00.458 [info] Extensions (vscode_config): No changes found during synchronizing extensions.
2024-08-22 12:42:00.459 [info] Sync done. Took 665ms
