2024-08-21 17:34:13.762 [info] Added views:workbench.panel.markers.view in workbench.panel.markers
2024-08-21 17:34:13.762 [info] Added views:workbench.panel.output in workbench.panel.output
2024-08-21 17:34:13.762 [info] Added views:terminal in terminal
2024-08-21 17:34:13.762 [info] Added views:outline in workbench.view.explorer
2024-08-21 17:34:13.762 [info] Added views:workbench.scm in workbench.view.scm
2024-08-21 17:34:13.762 [info] Added views:workbench.view.search in workbench.view.search
2024-08-21 17:34:13.762 [info] Added views:timeline in workbench.view.explorer
2024-08-21 17:34:13.762 [info] Added views:workbench.debug.welcome in workbench.view.debug
2024-08-21 17:34:13.762 [info] Added views:workbench.explorer.fileView in workbench.view.explorer
2024-08-21 17:34:14.050 [info] Added views:notes in workbench.view.extension.vscode-notes
2024-08-21 17:34:14.050 [info] Added views:github.codespaces.explorer in workbench.view.remote
2024-08-21 17:34:14.050 [info] Added views:targetsContainers,devVolumes in workbench.view.remote
2024-08-21 17:34:14.051 [info] Added views:postman-for-vscode.sidebar-panel in workbench.view.extension.sidebar-panel
2024-08-21 17:34:14.051 [info] Added views:postman-console-view in workbench.view.extension.postman-console-view-container
2024-08-21 17:34:14.051 [info] Added views:learn-vim in workbench.view.extension.learn-vim-container
2024-08-21 17:34:14.177 [info] Added views:workbench.panel.repl.view in workbench.panel.repl
2024-08-21 17:34:14.625 [info] Added views:workbench.view.testing in workbench.view.extension.test
2024-08-21 17:34:15.183 [info] Added views:jupyterViewVariables in workbench.view.extension.jupyter-variables
2024-08-21 17:34:15.309 [info] Added views:cell-tag in workbench.view.extension.jupyter-variables
2024-08-21 17:34:15.726 [info] Added views:~remote.forwardedPorts in ~remote.forwardedPortsContainer
