2024-08-21 17:34:14.729 [info] Using settings sync service https://vscode-sync.trafficmanager.net/
2024-08-21 17:34:14.729 [info] Auto Sync is enabled.
2024-08-21 17:34:14.729 [info] Auto Sync: Suspended until auth token is available.
2024-08-21 17:34:16.452 [info] Auto Sync: Triggered by Interval
2024-08-21 17:34:16.453 [info] Sync started.
2024-08-21 17:34:17.253 [info] Settings: No changes found during synchronizing settings.
2024-08-21 17:34:17.295 [info] Keybindings: No changes found during synchronizing keybindings.
2024-08-21 17:34:17.302 [info] Snippets: No changes found during synchronizing snippets.
2024-08-21 17:34:17.307 [info] Tasks: No changes found during synchronizing tasks.
2024-08-21 17:34:17.316 [info] GlobalState: No changes found during synchronizing ui state.
2024-08-21 17:34:17.397 [info] Extensions: No changes found during synchronizing extensions.
2024-08-21 17:34:17.409 [info] Profiles: No changes found during synchronizing profiles.
2024-08-21 17:34:17.412 [info] Syncing profile. newvscode
2024-08-21 17:34:17.544 [info] Settings (newvscode): No changes found during synchronizing settings.
2024-08-21 17:34:17.575 [info] Keybindings (newvscode): No changes found during synchronizing keybindings.
2024-08-21 17:34:17.578 [info] Snippets (newvscode): No changes found during synchronizing snippets.
2024-08-21 17:34:17.580 [info] Tasks (newvscode): No changes found during synchronizing tasks.
2024-08-21 17:34:17.585 [info] GlobalState (newvscode): No changes found during synchronizing ui state.
2024-08-21 17:34:17.626 [info] Extensions (newvscode): No changes found during synchronizing extensions.
2024-08-21 17:34:17.629 [info] Syncing profile. vscode_config
2024-08-21 17:34:17.677 [info] Settings (vscode_config): No changes found during synchronizing settings.
2024-08-21 17:34:17.682 [info] Keybindings (vscode_config): No changes found during synchronizing keybindings.
2024-08-21 17:34:17.685 [info] Snippets (vscode_config): No changes found during synchronizing snippets.
2024-08-21 17:34:17.686 [info] Tasks (vscode_config): No changes found during synchronizing tasks.
2024-08-21 17:34:17.695 [info] GlobalState (vscode_config): No changes found during synchronizing ui state.
2024-08-21 17:34:17.738 [info] Extensions (vscode_config): No changes found during synchronizing extensions.
2024-08-21 17:34:17.739 [info] Sync done. Took 1288ms
