2024-08-22 11:46:19.996 [info] [main] Log level: Info
2024-08-22 11:46:19.996 [info] [main] Validating found git in: "git"
2024-08-22 11:46:19.996 [info] [main] Using git "2.46.0" from "git"
2024-08-22 11:46:19.996 [info] [Model][doInitialScan] Initial repository scan started
2024-08-22 11:46:19.996 [info] > git rev-parse --show-toplevel [5ms]
2024-08-22 11:46:19.996 [info] fatal: not a git repository (or any of the parent directories): .git
2024-08-22 11:46:19.996 [info] [Model][doInitialScan] Initial repository scan completed - repositories (0), closed repositories (0), parent repositories (0), unsafe repositories (0)
2024-08-22 11:46:29.722 [info] [main] Log level: Info
2024-08-22 11:46:29.722 [info] [main] Validating found git in: "git"
2024-08-22 11:46:29.722 [info] [main] Using git "2.46.0" from "git"
2024-08-22 11:46:29.722 [info] [Model][doInitialScan] Initial repository scan started
2024-08-22 11:46:29.722 [info] > git rev-parse --show-toplevel [16ms]
2024-08-22 11:46:29.742 [info] > git rev-parse --git-dir --git-common-dir [13ms]
2024-08-22 11:46:29.762 [info] [Model][openRepository] Opened repository: /home/abhi/newqtile_test
2024-08-22 11:46:29.806 [info] > git rev-parse --show-toplevel [28ms]
2024-08-22 11:46:29.807 [info] > git config --get commit.template [36ms]
2024-08-22 11:46:30.767 [info] > git fetch [1006ms]
2024-08-22 11:46:31.023 [info] > git rev-parse --show-toplevel [281ms]
2024-08-22 11:46:31.070 [info] > git check-ignore -v -z --stdin [269ms]
2024-08-22 11:46:31.073 [info] > git config --get commit.template [52ms]
2024-08-22 11:46:31.073 [info] > git for-each-ref --format=%(refname)%00%(upstream:short)%00%(objectname)%00%(upstream:track)%00%(upstream:remotename)%00%(upstream:remoteref) refs/heads/main refs/remotes/main [66ms]
2024-08-22 11:46:31.079 [info] > git rev-parse --show-toplevel [12ms]
2024-08-22 11:46:31.116 [info] > git for-each-ref --format=%(refname)%00%(upstream:short)%00%(objectname)%00%(upstream:track)%00%(upstream:remotename)%00%(upstream:remoteref) refs/heads/main refs/remotes/main [27ms]
2024-08-22 11:46:31.129 [info] > git rev-parse --show-toplevel [29ms]
2024-08-22 11:46:31.187 [info] > git rev-parse --show-toplevel [35ms]
2024-08-22 11:46:31.187 [info] > git config --get commit.template [46ms]
2024-08-22 11:46:31.307 [info] > git rev-parse --show-toplevel [105ms]
2024-08-22 11:46:31.308 [info] [Model][doInitialScan] Initial repository scan completed - repositories (1), closed repositories (0), parent repositories (0), unsafe repositories (0)
2024-08-22 11:46:31.350 [info] > git show --textconv :.config/qtile/battery.py [29ms]
2024-08-22 11:46:31.350 [info] > git ls-files --stage -- /home/abhi/newqtile_test/.config/qtile/battery.py [19ms]
2024-08-22 11:46:31.364 [info] > git for-each-ref --format=%(refname)%00%(upstream:short)%00%(objectname)%00%(upstream:track)%00%(upstream:remotename)%00%(upstream:remoteref) refs/heads/main refs/remotes/main [60ms]
2024-08-22 11:46:31.438 [info] > git cat-file -s d268d9dda1a1ad81d6fc3dba9f2f5226bfffd3e1 [76ms]
2024-08-22 11:46:31.694 [info] > git status -z -uall [36ms]
2024-08-22 11:46:31.755 [info] > git for-each-ref --format=%(refname)%00%(upstream:short)%00%(objectname)%00%(upstream:track)%00%(upstream:remotename)%00%(upstream:remoteref) refs/heads/main refs/remotes/main [46ms]
2024-08-22 11:46:31.812 [info] > git config --local branch.main.vscode-merge-base [46ms]
2024-08-22 11:46:31.947 [info] > git for-each-ref --format=%(refname)%00%(upstream:short)%00%(objectname)%00%(upstream:track)%00%(upstream:remotename)%00%(upstream:remoteref) refs/heads/origin/main refs/remotes/origin/main [123ms]
2024-08-22 11:46:32.126 [info] > git merge-base refs/heads/main refs/remotes/origin/main [166ms]
2024-08-22 11:46:32.149 [info] > git rev-list --count --left-right refs/heads/main...refs/remotes/origin/main [6ms]
2024-08-22 11:46:32.201 [info] > git diff --name-status -z --diff-filter=ADMR cbdce84a71dd0f3c86596ef0f3fb6e97b5cd4fbf...refs/remotes/origin/main [34ms]
2024-08-22 11:46:32.685 [info] > git show --textconv :lightdm/slick-greeter.conf [15ms]
2024-08-22 11:46:32.688 [info] > git ls-files --stage -- /home/abhi/newqtile_test/lightdm/slick-greeter.conf [5ms]
2024-08-22 11:46:32.704 [info] > git cat-file -s da984b392f2a3beba0e1a887291275fe37e70a88 [4ms]
2024-08-22 11:46:33.022 [info] > git check-ignore -v -z --stdin [4ms]
