[Warn  - 12:32:23 PM] 07:02:23.321 WARNING ⛔️ Environment variable configuration is being deprecated, please use workspace configuration. The following environment variables were used: shfmt
[Info  - 12:32:23 PM] 07:02:23.340 INFO BackgroundAnalysis: resolving glob "**/*@(.sh|.inc|.bash|.command)" inside "file:///home/abhi/.config"...
[Info  - 12:32:23 PM] 07:02:23.413 INFO BackgroundAnalysis: Glob resolved with 406 files after 0.073 seconds
[Warn  - 12:32:23 PM] 07:02:23.451 WARNING ⛔️ file:///home/abhi/.config/rofi/rofi-network-manager.sh line 26: non-constant source not supported
[Warn  - 12:32:23 PM] 07:02:23.451 WARNING ⛔️ file:///home/abhi/.config/rofi/rofi-network-manager.sh line 26: non-constant source not supported
[Warn  - 12:32:23 PM] 07:02:23.465 WARNING ⛔️ file:///home/abhi/.config/rofi_adi/rofi-network-manager.sh line 26: non-constant source not supported
[Warn  - 12:32:23 PM] 07:02:23.465 WARNING ⛔️ file:///home/abhi/.config/rofi_adi/rofi-network-manager.sh line 26: non-constant source not supported
[Warn  - 12:32:23 PM] 07:02:23.495 WARNING ⛔️ Error while parsing file:///home/abhi/.config/qtile/scripts/tempCodeRunnerFile.sh: syntax error
[Warn  - 12:32:23 PM] 07:02:23.503 WARNING ⛔️ file:///home/abhi/.config/rofi/applets/bin/appasroot.sh line 8: non-constant source not supported
[Warn  - 12:32:23 PM] 07:02:23.505 WARNING ⛔️ file:///home/abhi/.config/rofi/applets/bin/apps.sh line 8: non-constant source not supported
[Warn  - 12:32:23 PM] 07:02:23.508 WARNING ⛔️ file:///home/abhi/.config/rofi/applets/bin/battery.sh line 8: non-constant source not supported
[Warn  - 12:32:23 PM] 07:02:23.510 WARNING ⛔️ file:///home/abhi/.config/rofi/applets/bin/brightness.sh line 8: non-constant source not supported
[Warn  - 12:32:23 PM] 07:02:23.512 WARNING ⛔️ file:///home/abhi/.config/rofi/applets/bin/mpd.sh line 8: non-constant source not supported
[Warn  - 12:32:23 PM] 07:02:23.514 WARNING ⛔️ file:///home/abhi/.config/rofi/applets/bin/powermenu.sh line 8: non-constant source not supported
[Warn  - 12:32:23 PM] 07:02:23.515 WARNING ⛔️ file:///home/abhi/.config/rofi/applets/bin/quicklinks.sh line 8: non-constant source not supported
[Warn  - 12:32:23 PM] 07:02:23.517 WARNING ⛔️ file:///home/abhi/.config/rofi/applets/bin/screenshot.sh line 8: non-constant source not supported
[Warn  - 12:32:23 PM] 07:02:23.520 WARNING ⛔️ file:///home/abhi/.config/rofi/applets/bin/volume.sh line 8: non-constant source not supported
[Warn  - 12:32:23 PM] 07:02:23.532 WARNING ⛔️ file:///home/abhi/.config/rofi_adi/applets/bin/appasroot.sh line 8: non-constant source not supported
[Warn  - 12:32:23 PM] 07:02:23.533 WARNING ⛔️ file:///home/abhi/.config/rofi_adi/applets/bin/apps.sh line 8: non-constant source not supported
[Warn  - 12:32:23 PM] 07:02:23.536 WARNING ⛔️ file:///home/abhi/.config/rofi_adi/applets/bin/battery.sh line 8: non-constant source not supported
[Warn  - 12:32:23 PM] 07:02:23.538 WARNING ⛔️ file:///home/abhi/.config/rofi_adi/applets/bin/brightness.sh line 8: non-constant source not supported
[Warn  - 12:32:23 PM] 07:02:23.541 WARNING ⛔️ file:///home/abhi/.config/rofi_adi/applets/bin/mpd.sh line 8: non-constant source not supported
[Warn  - 12:32:23 PM] 07:02:23.543 WARNING ⛔️ file:///home/abhi/.config/rofi_adi/applets/bin/powermenu.sh line 8: non-constant source not supported
[Warn  - 12:32:23 PM] 07:02:23.544 WARNING ⛔️ file:///home/abhi/.config/rofi_adi/applets/bin/quicklinks.sh line 8: non-constant source not supported
[Warn  - 12:32:23 PM] 07:02:23.546 WARNING ⛔️ file:///home/abhi/.config/rofi_adi/applets/bin/screenshot.sh line 8: non-constant source not supported
[Warn  - 12:32:23 PM] 07:02:23.548 WARNING ⛔️ file:///home/abhi/.config/rofi_adi/applets/bin/volume.sh line 8: non-constant source not supported
[Warn  - 12:32:23 PM] 07:02:23.713 WARNING ⛔️ Error while parsing file:///home/abhi/.config/Code/User/History/40e6a0bc/9XlS.sh: syntax error
[Warn  - 12:32:23 PM] 07:02:23.783 WARNING ⛔️ file:///home/abhi/.config/rofi/files/applets/bin/appasroot.sh line 8: non-constant source not supported
[Warn  - 12:32:23 PM] 07:02:23.784 WARNING ⛔️ file:///home/abhi/.config/rofi/files/applets/bin/apps.sh line 8: non-constant source not supported
[Warn  - 12:32:23 PM] 07:02:23.787 WARNING ⛔️ file:///home/abhi/.config/rofi/files/applets/bin/battery.sh line 8: non-constant source not supported
[Warn  - 12:32:23 PM] 07:02:23.788 WARNING ⛔️ file:///home/abhi/.config/rofi/files/applets/bin/brightness.sh line 8: non-constant source not supported
[Warn  - 12:32:23 PM] 07:02:23.791 WARNING ⛔️ file:///home/abhi/.config/rofi/files/applets/bin/mpd.sh line 8: non-constant source not supported
[Warn  - 12:32:23 PM] 07:02:23.792 WARNING ⛔️ file:///home/abhi/.config/rofi/files/applets/bin/powermenu.sh line 8: non-constant source not supported
[Warn  - 12:32:23 PM] 07:02:23.793 WARNING ⛔️ file:///home/abhi/.config/rofi/files/applets/bin/quicklinks.sh line 8: non-constant source not supported
[Warn  - 12:32:23 PM] 07:02:23.795 WARNING ⛔️ file:///home/abhi/.config/rofi/files/applets/bin/screenshot.sh line 8: non-constant source not supported
[Warn  - 12:32:23 PM] 07:02:23.798 WARNING ⛔️ file:///home/abhi/.config/rofi/files/applets/bin/volume.sh line 8: non-constant source not supported
[Warn  - 12:32:23 PM] 07:02:23.807 WARNING ⛔️ file:///home/abhi/.config/rofi_adi/files/applets/bin/appasroot.sh line 8: non-constant source not supported
[Warn  - 12:32:23 PM] 07:02:23.809 WARNING ⛔️ file:///home/abhi/.config/rofi_adi/files/applets/bin/apps.sh line 8: non-constant source not supported
[Warn  - 12:32:23 PM] 07:02:23.811 WARNING ⛔️ file:///home/abhi/.config/rofi_adi/files/applets/bin/battery.sh line 8: non-constant source not supported
[Warn  - 12:32:23 PM] 07:02:23.813 WARNING ⛔️ file:///home/abhi/.config/rofi_adi/files/applets/bin/brightness.sh line 8: non-constant source not supported
[Warn  - 12:32:23 PM] 07:02:23.815 WARNING ⛔️ file:///home/abhi/.config/rofi_adi/files/applets/bin/mpd.sh line 8: non-constant source not supported
[Warn  - 12:32:23 PM] 07:02:23.816 WARNING ⛔️ file:///home/abhi/.config/rofi_adi/files/applets/bin/powermenu.sh line 8: non-constant source not supported
[Warn  - 12:32:23 PM] 07:02:23.818 WARNING ⛔️ file:///home/abhi/.config/rofi_adi/files/applets/bin/quicklinks.sh line 8: non-constant source not supported
[Warn  - 12:32:23 PM] 07:02:23.820 WARNING ⛔️ file:///home/abhi/.config/rofi_adi/files/applets/bin/screenshot.sh line 8: non-constant source not supported
[Warn  - 12:32:23 PM] 07:02:23.822 WARNING ⛔️ file:///home/abhi/.config/rofi_adi/files/applets/bin/volume.sh line 8: non-constant source not supported
[Info  - 12:32:23 PM] 07:02:23.832 INFO BackgroundAnalysis: Completed after 0.492 seconds.
[Warn  - 12:32:23 PM] 07:02:23.846 WARNING ⛔️ ShellCheck: disabling linting as no executable was found at path 'shellcheck'
[Warn  - 12:32:34 PM] 07:02:34.103 WARNING ⛔️ file:///home/abhi/.config/rofi/rofi-network-manager.sh line 26: non-constant source not supported
[Warn  - 12:32:34 PM] 07:02:34.103 WARNING ⛔️ file:///home/abhi/.config/rofi/rofi-network-manager.sh line 26: non-constant source not supported
