2024-08-22 11:50:39.914 [info] Using settings sync service https://vscode-sync.trafficmanager.net/
2024-08-22 11:50:39.914 [info] Auto Sync is enabled.
2024-08-22 11:50:39.914 [info] Auto Sync: Suspended until auth token is available.
2024-08-22 11:50:45.123 [info] Auto Sync: Triggered by Interval
2024-08-22 11:50:45.124 [info] Sync started.
2024-08-22 11:50:46.026 [info] Settings: No changes found during synchronizing settings.
2024-08-22 11:50:46.077 [info] Keybindings: No changes found during synchronizing keybindings.
2024-08-22 11:50:46.094 [info] Snippets: No changes found during synchronizing snippets.
2024-08-22 11:50:46.105 [info] Tasks: No changes found during synchronizing tasks.
2024-08-22 11:50:46.125 [info] GlobalState: No changes found during synchronizing ui state.
2024-08-22 11:50:46.331 [info] Extensions: No changes found during synchronizing extensions.
2024-08-22 11:50:46.364 [info] Profiles: No changes found during synchronizing profiles.
2024-08-22 11:50:46.370 [info] Syncing profile. newvscode
2024-08-22 11:50:46.657 [info] Settings (newvscode): No changes found during synchronizing settings.
2024-08-22 11:50:46.686 [info] Keybindings (newvscode): No changes found during synchronizing keybindings.
2024-08-22 11:50:46.695 [info] Snippets (newvscode): No changes found during synchronizing snippets.
2024-08-22 11:50:46.701 [info] Tasks (newvscode): No changes found during synchronizing tasks.
2024-08-22 11:50:46.715 [info] GlobalState (newvscode): No changes found during synchronizing ui state.
2024-08-22 11:50:46.823 [info] Extensions (newvscode): No changes found during synchronizing extensions.
2024-08-22 11:50:46.826 [info] Syncing profile. vscode_config
2024-08-22 11:50:47.001 [info] Settings (vscode_config): No changes found during synchronizing settings.
2024-08-22 11:50:47.019 [info] Keybindings (vscode_config): No changes found during synchronizing keybindings.
2024-08-22 11:50:47.028 [info] Snippets (vscode_config): No changes found during synchronizing snippets.
2024-08-22 11:50:47.033 [info] Tasks (vscode_config): No changes found during synchronizing tasks.
2024-08-22 11:50:47.057 [info] GlobalState (vscode_config): No changes found during synchronizing ui state.
2024-08-22 11:50:47.139 [info] Extensions (vscode_config): No changes found during synchronizing extensions.
2024-08-22 11:50:47.143 [info] Sync done. Took 2019ms
2024-08-22 11:55:47.143 [info] Auto Sync: Triggered by Interval
2024-08-22 11:55:47.144 [info] Sync started.
2024-08-22 11:55:47.603 [info] Settings: No changes found during synchronizing settings.
2024-08-22 11:55:47.607 [info] Keybindings: No changes found during synchronizing keybindings.
2024-08-22 11:55:47.611 [info] Snippets: No changes found during synchronizing snippets.
2024-08-22 11:55:47.613 [info] Tasks: No changes found during synchronizing tasks.
2024-08-22 11:55:47.616 [info] GlobalState: No changes found during synchronizing ui state.
2024-08-22 11:55:47.670 [info] Extensions: No changes found during synchronizing extensions.
2024-08-22 11:55:47.671 [info] Profiles: No changes found during synchronizing profiles.
2024-08-22 11:55:47.673 [info] Syncing profile. newvscode
2024-08-22 11:55:47.675 [info] Settings (newvscode): No changes found during synchronizing settings.
2024-08-22 11:55:47.680 [info] Keybindings (newvscode): No changes found during synchronizing keybindings.
2024-08-22 11:55:47.684 [info] Snippets (newvscode): No changes found during synchronizing snippets.
2024-08-22 11:55:47.685 [info] Tasks (newvscode): No changes found during synchronizing tasks.
2024-08-22 11:55:47.686 [info] GlobalState (newvscode): No changes found during synchronizing ui state.
2024-08-22 11:55:47.728 [info] Extensions (newvscode): No changes found during synchronizing extensions.
2024-08-22 11:55:47.729 [info] Syncing profile. vscode_config
2024-08-22 11:55:47.732 [info] Settings (vscode_config): No changes found during synchronizing settings.
2024-08-22 11:55:47.734 [info] Keybindings (vscode_config): No changes found during synchronizing keybindings.
2024-08-22 11:55:47.737 [info] Snippets (vscode_config): No changes found during synchronizing snippets.
2024-08-22 11:55:47.739 [info] Tasks (vscode_config): No changes found during synchronizing tasks.
2024-08-22 11:55:47.742 [info] GlobalState (vscode_config): No changes found during synchronizing ui state.
2024-08-22 11:55:47.766 [info] Extensions (vscode_config): No changes found during synchronizing extensions.
2024-08-22 11:55:47.766 [info] Sync done. Took 624ms
2024-08-22 12:00:47.768 [info] Auto Sync: Triggered by Interval
2024-08-22 12:00:47.768 [info] Sync started.
2024-08-22 12:00:48.202 [info] Settings: No changes found during synchronizing settings.
2024-08-22 12:00:48.204 [info] Keybindings: No changes found during synchronizing keybindings.
2024-08-22 12:00:48.207 [info] Snippets: No changes found during synchronizing snippets.
2024-08-22 12:00:48.208 [info] Tasks: No changes found during synchronizing tasks.
2024-08-22 12:00:48.212 [info] GlobalState: No changes found during synchronizing ui state.
2024-08-22 12:00:48.267 [info] Extensions: No changes found during synchronizing extensions.
2024-08-22 12:00:48.269 [info] Profiles: No changes found during synchronizing profiles.
2024-08-22 12:00:48.270 [info] Syncing profile. newvscode
2024-08-22 12:00:48.272 [info] Settings (newvscode): No changes found during synchronizing settings.
2024-08-22 12:00:48.274 [info] Keybindings (newvscode): No changes found during synchronizing keybindings.
2024-08-22 12:00:48.278 [info] Snippets (newvscode): No changes found during synchronizing snippets.
2024-08-22 12:00:48.279 [info] Tasks (newvscode): No changes found during synchronizing tasks.
2024-08-22 12:00:48.281 [info] GlobalState (newvscode): No changes found during synchronizing ui state.
2024-08-22 12:00:48.321 [info] Extensions (newvscode): No changes found during synchronizing extensions.
2024-08-22 12:00:48.323 [info] Syncing profile. vscode_config
2024-08-22 12:00:48.330 [info] Settings (vscode_config): No changes found during synchronizing settings.
2024-08-22 12:00:48.335 [info] Keybindings (vscode_config): No changes found during synchronizing keybindings.
2024-08-22 12:00:48.339 [info] Snippets (vscode_config): No changes found during synchronizing snippets.
2024-08-22 12:00:48.341 [info] Tasks (vscode_config): No changes found during synchronizing tasks.
2024-08-22 12:00:48.344 [info] GlobalState (vscode_config): No changes found during synchronizing ui state.
2024-08-22 12:00:48.376 [info] Extensions (vscode_config): No changes found during synchronizing extensions.
2024-08-22 12:00:48.377 [info] Sync done. Took 609ms
2024-08-22 12:05:48.377 [info] Auto Sync: Triggered by Interval
2024-08-22 12:05:48.377 [info] Sync started.
2024-08-22 12:05:48.756 [info] Settings: No changes found during synchronizing settings.
2024-08-22 12:05:48.759 [info] Keybindings: No changes found during synchronizing keybindings.
2024-08-22 12:05:48.762 [info] Snippets: No changes found during synchronizing snippets.
2024-08-22 12:05:48.764 [info] Tasks: No changes found during synchronizing tasks.
2024-08-22 12:05:48.770 [info] GlobalState: No changes found during synchronizing ui state.
2024-08-22 12:05:48.818 [info] Extensions: No changes found during synchronizing extensions.
2024-08-22 12:05:48.819 [info] Profiles: No changes found during synchronizing profiles.
2024-08-22 12:05:48.819 [info] Syncing profile. newvscode
2024-08-22 12:05:48.822 [info] Settings (newvscode): No changes found during synchronizing settings.
2024-08-22 12:05:48.825 [info] Keybindings (newvscode): No changes found during synchronizing keybindings.
2024-08-22 12:05:48.828 [info] Snippets (newvscode): No changes found during synchronizing snippets.
2024-08-22 12:05:48.830 [info] Tasks (newvscode): No changes found during synchronizing tasks.
2024-08-22 12:05:48.832 [info] GlobalState (newvscode): No changes found during synchronizing ui state.
2024-08-22 12:05:48.873 [info] Extensions (newvscode): No changes found during synchronizing extensions.
2024-08-22 12:05:48.873 [info] Syncing profile. vscode_config
2024-08-22 12:05:48.877 [info] Settings (vscode_config): No changes found during synchronizing settings.
2024-08-22 12:05:48.878 [info] Keybindings (vscode_config): No changes found during synchronizing keybindings.
2024-08-22 12:05:48.880 [info] Snippets (vscode_config): No changes found during synchronizing snippets.
2024-08-22 12:05:48.881 [info] Tasks (vscode_config): No changes found during synchronizing tasks.
2024-08-22 12:05:48.884 [info] GlobalState (vscode_config): No changes found during synchronizing ui state.
2024-08-22 12:05:48.911 [info] Extensions (vscode_config): No changes found during synchronizing extensions.
2024-08-22 12:05:48.915 [info] Sync done. Took 538ms
2024-08-22 12:09:41.113 [info] Auto Sync: Triggered by Activity
2024-08-22 12:09:41.114 [info] Sync started.
2024-08-22 12:09:41.564 [info] Settings: No changes found during synchronizing settings.
2024-08-22 12:09:41.567 [info] Keybindings: No changes found during synchronizing keybindings.
2024-08-22 12:09:41.570 [info] Snippets: No changes found during synchronizing snippets.
2024-08-22 12:09:41.572 [info] Tasks: No changes found during synchronizing tasks.
2024-08-22 12:09:41.575 [info] GlobalState: No changes found during synchronizing ui state.
2024-08-22 12:09:41.630 [info] Extensions: No changes found during synchronizing extensions.
2024-08-22 12:09:41.632 [info] Profiles: No changes found during synchronizing profiles.
2024-08-22 12:09:41.633 [info] Syncing profile. newvscode
2024-08-22 12:09:41.635 [info] Settings (newvscode): No changes found during synchronizing settings.
2024-08-22 12:09:41.637 [info] Keybindings (newvscode): No changes found during synchronizing keybindings.
2024-08-22 12:09:41.640 [info] Snippets (newvscode): No changes found during synchronizing snippets.
2024-08-22 12:09:41.642 [info] Tasks (newvscode): No changes found during synchronizing tasks.
2024-08-22 12:09:41.643 [info] GlobalState (newvscode): No changes found during synchronizing ui state.
2024-08-22 12:09:41.683 [info] Extensions (newvscode): No changes found during synchronizing extensions.
2024-08-22 12:09:41.683 [info] Syncing profile. vscode_config
2024-08-22 12:09:41.688 [info] Settings (vscode_config): No changes found during synchronizing settings.
2024-08-22 12:09:41.690 [info] Keybindings (vscode_config): No changes found during synchronizing keybindings.
2024-08-22 12:09:41.692 [info] Snippets (vscode_config): No changes found during synchronizing snippets.
2024-08-22 12:09:41.694 [info] Tasks (vscode_config): No changes found during synchronizing tasks.
2024-08-22 12:09:41.697 [info] GlobalState (vscode_config): No changes found during synchronizing ui state.
2024-08-22 12:09:41.725 [info] Extensions (vscode_config): No changes found during synchronizing extensions.
2024-08-22 12:09:41.726 [info] Sync done. Took 613ms
2024-08-22 12:14:41.726 [info] Auto Sync: Triggered by Interval
2024-08-22 12:14:41.727 [info] Sync started.
2024-08-22 12:14:42.282 [info] Settings: No changes found during synchronizing settings.
2024-08-22 12:14:42.285 [info] Keybindings: No changes found during synchronizing keybindings.
2024-08-22 12:14:42.287 [info] Snippets: No changes found during synchronizing snippets.
2024-08-22 12:14:42.288 [info] Tasks: No changes found during synchronizing tasks.
2024-08-22 12:14:42.290 [info] GlobalState: No changes found during synchronizing ui state.
2024-08-22 12:14:42.322 [info] Extensions: No changes found during synchronizing extensions.
2024-08-22 12:14:42.323 [info] Profiles: No changes found during synchronizing profiles.
2024-08-22 12:14:42.323 [info] Syncing profile. newvscode
2024-08-22 12:14:42.325 [info] Settings (newvscode): No changes found during synchronizing settings.
2024-08-22 12:14:42.326 [info] Keybindings (newvscode): No changes found during synchronizing keybindings.
2024-08-22 12:14:42.328 [info] Snippets (newvscode): No changes found during synchronizing snippets.
2024-08-22 12:14:42.329 [info] Tasks (newvscode): No changes found during synchronizing tasks.
2024-08-22 12:14:42.329 [info] GlobalState (newvscode): No changes found during synchronizing ui state.
2024-08-22 12:14:42.356 [info] Extensions (newvscode): No changes found during synchronizing extensions.
2024-08-22 12:14:42.356 [info] Syncing profile. vscode_config
2024-08-22 12:14:42.359 [info] Settings (vscode_config): No changes found during synchronizing settings.
2024-08-22 12:14:42.360 [info] Keybindings (vscode_config): No changes found during synchronizing keybindings.
2024-08-22 12:14:42.361 [info] Snippets (vscode_config): No changes found during synchronizing snippets.
2024-08-22 12:14:42.362 [info] Tasks (vscode_config): No changes found during synchronizing tasks.
2024-08-22 12:14:42.365 [info] GlobalState (vscode_config): No changes found during synchronizing ui state.
2024-08-22 12:14:42.385 [info] Extensions (vscode_config): No changes found during synchronizing extensions.
2024-08-22 12:14:42.386 [info] Sync done. Took 660ms
2024-08-22 12:19:20.099 [info] Auto Sync: Triggered by Activity
2024-08-22 12:19:20.099 [info] Sync started.
2024-08-22 12:19:20.548 [info] Settings: No changes found during synchronizing settings.
2024-08-22 12:19:20.565 [info] Keybindings: No changes found during synchronizing keybindings.
2024-08-22 12:19:20.573 [info] Snippets: No changes found during synchronizing snippets.
2024-08-22 12:19:20.576 [info] Tasks: No changes found during synchronizing tasks.
2024-08-22 12:19:20.580 [info] GlobalState: No changes found during synchronizing ui state.
2024-08-22 12:19:20.645 [info] Extensions: No changes found during synchronizing extensions.
2024-08-22 12:19:20.649 [info] Profiles: No changes found during synchronizing profiles.
2024-08-22 12:19:20.651 [info] Syncing profile. newvscode
2024-08-22 12:19:20.656 [info] Settings (newvscode): No changes found during synchronizing settings.
2024-08-22 12:19:20.683 [info] Keybindings (newvscode): No changes found during synchronizing keybindings.
2024-08-22 12:19:20.690 [info] Snippets (newvscode): No changes found during synchronizing snippets.
2024-08-22 12:19:20.694 [info] Tasks (newvscode): No changes found during synchronizing tasks.
2024-08-22 12:19:20.697 [info] GlobalState (newvscode): No changes found during synchronizing ui state.
2024-08-22 12:19:20.792 [info] Extensions (newvscode): No changes found during synchronizing extensions.
2024-08-22 12:19:20.794 [info] Syncing profile. vscode_config
2024-08-22 12:19:20.803 [info] Settings (vscode_config): No changes found during synchronizing settings.
2024-08-22 12:19:20.806 [info] Keybindings (vscode_config): No changes found during synchronizing keybindings.
2024-08-22 12:19:20.811 [info] Snippets (vscode_config): No changes found during synchronizing snippets.
2024-08-22 12:19:20.813 [info] Tasks (vscode_config): No changes found during synchronizing tasks.
2024-08-22 12:19:20.818 [info] GlobalState (vscode_config): No changes found during synchronizing ui state.
2024-08-22 12:19:20.851 [info] Extensions (vscode_config): No changes found during synchronizing extensions.
2024-08-22 12:19:20.852 [info] Sync done. Took 754ms
2024-08-22 12:24:20.853 [info] Auto Sync: Triggered by Interval
2024-08-22 12:24:20.853 [info] Sync started.
2024-08-22 12:24:21.425 [info] Settings: No changes found during synchronizing settings.
2024-08-22 12:24:21.435 [info] Keybindings: No changes found during synchronizing keybindings.
2024-08-22 12:24:21.439 [info] Snippets: No changes found during synchronizing snippets.
2024-08-22 12:24:21.458 [info] Tasks: No changes found during synchronizing tasks.
2024-08-22 12:24:21.468 [info] GlobalState: No changes found during synchronizing ui state.
2024-08-22 12:24:21.504 [info] Extensions: No changes found during synchronizing extensions.
2024-08-22 12:24:21.505 [info] Profiles: No changes found during synchronizing profiles.
2024-08-22 12:24:21.506 [info] Syncing profile. newvscode
2024-08-22 12:24:21.507 [info] Settings (newvscode): No changes found during synchronizing settings.
2024-08-22 12:24:21.508 [info] Keybindings (newvscode): No changes found during synchronizing keybindings.
2024-08-22 12:24:21.510 [info] Snippets (newvscode): No changes found during synchronizing snippets.
2024-08-22 12:24:21.510 [info] Tasks (newvscode): No changes found during synchronizing tasks.
2024-08-22 12:24:21.511 [info] GlobalState (newvscode): No changes found during synchronizing ui state.
2024-08-22 12:24:21.543 [info] Extensions (newvscode): No changes found during synchronizing extensions.
2024-08-22 12:24:21.543 [info] Syncing profile. vscode_config
2024-08-22 12:24:21.546 [info] Settings (vscode_config): No changes found during synchronizing settings.
2024-08-22 12:24:21.547 [info] Keybindings (vscode_config): No changes found during synchronizing keybindings.
2024-08-22 12:24:21.549 [info] Snippets (vscode_config): No changes found during synchronizing snippets.
2024-08-22 12:24:21.550 [info] Tasks (vscode_config): No changes found during synchronizing tasks.
2024-08-22 12:24:21.552 [info] GlobalState (vscode_config): No changes found during synchronizing ui state.
2024-08-22 12:24:21.569 [info] Extensions (vscode_config): No changes found during synchronizing extensions.
2024-08-22 12:24:21.569 [info] Sync done. Took 717ms
