2024-08-22 11:50:38.946 [info] Added views:workbench.panel.markers.view in workbench.panel.markers
2024-08-22 11:50:38.946 [info] Added views:workbench.panel.output in workbench.panel.output
2024-08-22 11:50:38.946 [info] Added views:terminal in terminal
2024-08-22 11:50:38.946 [info] Added views:outline in workbench.view.explorer
2024-08-22 11:50:38.946 [info] Added views:workbench.scm in workbench.view.scm
2024-08-22 11:50:38.946 [info] Added views:workbench.view.search in workbench.view.search
2024-08-22 11:50:38.946 [info] Added views:timeline in workbench.view.explorer
2024-08-22 11:50:38.946 [info] Added views:workbench.explorer.emptyView in workbench.view.explorer
2024-08-22 11:50:39.374 [info] Added views:workbench.debug.welcome in workbench.view.debug
2024-08-22 11:50:40.509 [info] Added views:notes in workbench.view.extension.vscode-notes
2024-08-22 11:50:40.509 [info] Added views:github.codespaces.explorer in workbench.view.remote
2024-08-22 11:50:40.510 [info] Added views:targetsContainers,devVolumes in workbench.view.remote
2024-08-22 11:50:40.512 [info] Added views:postman-for-vscode.sidebar-panel in workbench.view.extension.sidebar-panel
2024-08-22 11:50:40.512 [info] Added views:postman-console-view in workbench.view.extension.postman-console-view-container
2024-08-22 11:50:40.513 [info] Added views:learn-vim in workbench.view.extension.learn-vim-container
2024-08-22 11:50:41.142 [info] Added views:workbench.panel.repl.view in workbench.panel.repl
2024-08-22 11:50:43.022 [info] Added views:~remote.forwardedPorts in ~remote.forwardedPortsContainer
2024-08-22 12:19:17.788 [info] Added views:workbench.panel.markers.view in workbench.panel.markers
2024-08-22 12:19:17.788 [info] Added views:workbench.panel.output in workbench.panel.output
2024-08-22 12:19:17.788 [info] Added views:terminal in terminal
2024-08-22 12:19:17.788 [info] Added views:outline in workbench.view.explorer
2024-08-22 12:19:17.788 [info] Added views:workbench.scm in workbench.view.scm
2024-08-22 12:19:17.788 [info] Added views:workbench.view.search in workbench.view.search
2024-08-22 12:19:17.788 [info] Added views:timeline in workbench.view.explorer
2024-08-22 12:19:17.788 [info] Added views:workbench.debug.welcome in workbench.view.debug
2024-08-22 12:19:17.788 [info] Added views:workbench.explorer.fileView in workbench.view.explorer
2024-08-22 12:19:18.042 [info] Added views:notes in workbench.view.extension.vscode-notes
2024-08-22 12:19:18.042 [info] Added views:github.codespaces.explorer in workbench.view.remote
2024-08-22 12:19:18.042 [info] Added views:targetsContainers,devVolumes in workbench.view.remote
2024-08-22 12:19:18.042 [info] Added views:postman-for-vscode.sidebar-panel in workbench.view.extension.sidebar-panel
2024-08-22 12:19:18.042 [info] Added views:postman-console-view in workbench.view.extension.postman-console-view-container
2024-08-22 12:19:18.043 [info] Added views:learn-vim in workbench.view.extension.learn-vim-container
2024-08-22 12:19:18.161 [info] Added views:workbench.panel.repl.view in workbench.panel.repl
2024-08-22 12:19:18.842 [info] Added views:workbench.view.testing in workbench.view.extension.test
2024-08-22 12:19:19.144 [info] Added views:jupyterViewVariables in workbench.view.extension.jupyter-variables
2024-08-22 12:19:19.151 [info] Added views:cell-tag in workbench.view.extension.jupyter-variables
2024-08-22 12:19:20.232 [info] Added views:~remote.forwardedPorts in ~remote.forwardedPortsContainer
