2024-08-22 11:10:46.226 [info] Using settings sync service https://vscode-sync.trafficmanager.net/
2024-08-22 11:10:46.227 [info] Auto Sync is enabled.
2024-08-22 11:10:46.227 [info] Auto Sync: Suspended until auth token is available.
2024-08-22 11:10:56.841 [info] Auto Sync: Triggered by Interval
2024-08-22 11:10:56.841 [info] Sync started.
2024-08-22 11:10:57.661 [info] Settings: No changes found during synchronizing settings.
2024-08-22 11:10:57.686 [info] Keybindings: No changes found during synchronizing keybindings.
2024-08-22 11:10:57.697 [info] Snippets: No changes found during synchronizing snippets.
2024-08-22 11:10:57.702 [info] Tasks: No changes found during synchronizing tasks.
2024-08-22 11:10:57.720 [info] GlobalState: No changes found during synchronizing ui state.
2024-08-22 11:10:57.915 [info] Extensions: No changes found during synchronizing extensions.
2024-08-22 11:10:57.968 [info] Profiles: No changes found during synchronizing profiles.
2024-08-22 11:10:57.974 [info] Syncing profile. newvscode
2024-08-22 11:10:58.239 [info] Settings (newvscode): No changes found during synchronizing settings.
2024-08-22 11:10:58.265 [info] Keybindings (newvscode): No changes found during synchronizing keybindings.
2024-08-22 11:10:58.278 [info] Snippets (newvscode): No changes found during synchronizing snippets.
2024-08-22 11:10:58.286 [info] Tasks (newvscode): No changes found during synchronizing tasks.
2024-08-22 11:10:58.303 [info] GlobalState (newvscode): No changes found during synchronizing ui state.
2024-08-22 11:10:58.438 [info] Extensions (newvscode): No changes found during synchronizing extensions.
2024-08-22 11:10:58.444 [info] Syncing profile. vscode_config
2024-08-22 11:10:58.640 [info] Settings (vscode_config): No changes found during synchronizing settings.
2024-08-22 11:10:58.659 [info] Keybindings (vscode_config): No changes found during synchronizing keybindings.
2024-08-22 11:10:58.670 [info] Snippets (vscode_config): No changes found during synchronizing snippets.
2024-08-22 11:10:58.678 [info] Tasks (vscode_config): No changes found during synchronizing tasks.
2024-08-22 11:10:58.704 [info] GlobalState (vscode_config): No changes found during synchronizing ui state.
2024-08-22 11:10:58.795 [info] Extensions (vscode_config): No changes found during synchronizing extensions.
2024-08-22 11:10:58.799 [info] Sync done. Took 1958ms
2024-08-22 11:11:41.553 [info] Auto Sync: Triggered by Activity
2024-08-22 11:11:41.553 [info] Sync started.
2024-08-22 11:11:41.841 [info] Settings: No changes found during synchronizing settings.
2024-08-22 11:11:41.998 [info] Keybindings: No changes found during synchronizing keybindings.
2024-08-22 11:11:42.246 [info] Snippets: No changes found during synchronizing snippets.
2024-08-22 11:11:42.335 [info] Tasks: No changes found during synchronizing tasks.
2024-08-22 11:11:42.430 [info] GlobalState: No changes found during synchronizing ui state.
2024-08-22 11:11:42.663 [info] Extensions: No changes found during synchronizing extensions.
2024-08-22 11:11:42.672 [info] Profiles: No changes found during synchronizing profiles.
2024-08-22 11:11:42.672 [info] Syncing profile. newvscode
2024-08-22 11:11:42.692 [info] Settings (newvscode): No changes found during synchronizing settings.
2024-08-22 11:11:42.697 [info] Keybindings (newvscode): No changes found during synchronizing keybindings.
2024-08-22 11:11:42.717 [info] Snippets (newvscode): No changes found during synchronizing snippets.
2024-08-22 11:11:42.724 [info] Tasks (newvscode): No changes found during synchronizing tasks.
2024-08-22 11:11:42.730 [info] GlobalState (newvscode): No changes found during synchronizing ui state.
2024-08-22 11:11:42.886 [info] Extensions (newvscode): No changes found during synchronizing extensions.
2024-08-22 11:11:42.887 [info] Syncing profile. vscode_config
2024-08-22 11:11:42.899 [info] Settings (vscode_config): No changes found during synchronizing settings.
2024-08-22 11:11:42.904 [info] Keybindings (vscode_config): No changes found during synchronizing keybindings.
2024-08-22 11:11:42.920 [info] Snippets (vscode_config): No changes found during synchronizing snippets.
2024-08-22 11:11:42.924 [info] Tasks (vscode_config): No changes found during synchronizing tasks.
2024-08-22 11:11:42.937 [info] GlobalState (vscode_config): No changes found during synchronizing ui state.
2024-08-22 11:11:43.042 [info] Extensions (vscode_config): No changes found during synchronizing extensions.
2024-08-22 11:11:43.052 [info] Sync done. Took 1495ms
2024-08-22 11:12:01.934 [info] Auto Sync: Triggered by Activity
2024-08-22 11:12:01.934 [info] Sync started.
2024-08-22 11:12:02.061 [info] Settings: No changes found during synchronizing settings.
2024-08-22 11:12:02.064 [info] Keybindings: No changes found during synchronizing keybindings.
2024-08-22 11:12:02.068 [info] Snippets: No changes found during synchronizing snippets.
2024-08-22 11:12:02.071 [info] Tasks: No changes found during synchronizing tasks.
2024-08-22 11:12:02.075 [info] GlobalState: No changes found during synchronizing ui state.
2024-08-22 11:12:02.119 [info] Extensions: No changes found during synchronizing extensions.
2024-08-22 11:12:02.120 [info] Profiles: No changes found during synchronizing profiles.
2024-08-22 11:12:02.122 [info] Syncing profile. newvscode
2024-08-22 11:12:02.124 [info] Settings (newvscode): No changes found during synchronizing settings.
2024-08-22 11:12:02.126 [info] Keybindings (newvscode): No changes found during synchronizing keybindings.
2024-08-22 11:12:02.129 [info] Snippets (newvscode): No changes found during synchronizing snippets.
2024-08-22 11:12:02.130 [info] Tasks (newvscode): No changes found during synchronizing tasks.
2024-08-22 11:12:02.131 [info] GlobalState (newvscode): No changes found during synchronizing ui state.
2024-08-22 11:12:02.176 [info] Extensions (newvscode): No changes found during synchronizing extensions.
2024-08-22 11:12:02.177 [info] Syncing profile. vscode_config
2024-08-22 11:12:02.181 [info] Settings (vscode_config): No changes found during synchronizing settings.
2024-08-22 11:12:02.183 [info] Keybindings (vscode_config): No changes found during synchronizing keybindings.
2024-08-22 11:12:02.185 [info] Snippets (vscode_config): No changes found during synchronizing snippets.
2024-08-22 11:12:02.186 [info] Tasks (vscode_config): No changes found during synchronizing tasks.
2024-08-22 11:12:02.189 [info] GlobalState (vscode_config): No changes found during synchronizing ui state.
2024-08-22 11:12:02.211 [info] Extensions (vscode_config): No changes found during synchronizing extensions.
2024-08-22 11:12:02.212 [info] Sync done. Took 279ms
2024-08-22 11:17:02.213 [info] Auto Sync: Triggered by Interval
2024-08-22 11:17:02.214 [info] Sync started.
2024-08-22 11:17:02.703 [info] Settings: No changes found during synchronizing settings.
2024-08-22 11:17:02.706 [info] Keybindings: No changes found during synchronizing keybindings.
2024-08-22 11:17:02.708 [info] Snippets: No changes found during synchronizing snippets.
2024-08-22 11:17:02.710 [info] Tasks: No changes found during synchronizing tasks.
2024-08-22 11:17:02.713 [info] GlobalState: No changes found during synchronizing ui state.
2024-08-22 11:17:02.771 [info] Extensions: No changes found during synchronizing extensions.
2024-08-22 11:17:02.772 [info] Profiles: No changes found during synchronizing profiles.
2024-08-22 11:17:02.773 [info] Syncing profile. newvscode
2024-08-22 11:17:02.775 [info] Settings (newvscode): No changes found during synchronizing settings.
2024-08-22 11:17:02.778 [info] Keybindings (newvscode): No changes found during synchronizing keybindings.
2024-08-22 11:17:02.783 [info] Snippets (newvscode): No changes found during synchronizing snippets.
2024-08-22 11:17:02.787 [info] Tasks (newvscode): No changes found during synchronizing tasks.
2024-08-22 11:17:02.791 [info] GlobalState (newvscode): No changes found during synchronizing ui state.
2024-08-22 11:17:02.847 [info] Extensions (newvscode): No changes found during synchronizing extensions.
2024-08-22 11:17:02.848 [info] Syncing profile. vscode_config
2024-08-22 11:17:02.853 [info] Settings (vscode_config): No changes found during synchronizing settings.
2024-08-22 11:17:02.855 [info] Keybindings (vscode_config): No changes found during synchronizing keybindings.
2024-08-22 11:17:02.857 [info] Snippets (vscode_config): No changes found during synchronizing snippets.
2024-08-22 11:17:02.859 [info] Tasks (vscode_config): No changes found during synchronizing tasks.
2024-08-22 11:17:02.862 [info] GlobalState (vscode_config): No changes found during synchronizing ui state.
2024-08-22 11:17:02.896 [info] Extensions (vscode_config): No changes found during synchronizing extensions.
2024-08-22 11:17:02.896 [info] Sync done. Took 684ms
2024-08-22 11:22:02.898 [info] Auto Sync: Triggered by Interval
2024-08-22 11:22:02.898 [info] Sync started.
2024-08-22 11:22:03.508 [info] Settings: No changes found during synchronizing settings.
2024-08-22 11:22:03.510 [info] Keybindings: No changes found during synchronizing keybindings.
2024-08-22 11:22:03.513 [info] Snippets: No changes found during synchronizing snippets.
2024-08-22 11:22:03.515 [info] Tasks: No changes found during synchronizing tasks.
2024-08-22 11:22:03.518 [info] GlobalState: No changes found during synchronizing ui state.
2024-08-22 11:22:03.568 [info] Extensions: No changes found during synchronizing extensions.
2024-08-22 11:22:03.568 [info] Profiles: No changes found during synchronizing profiles.
2024-08-22 11:22:03.569 [info] Syncing profile. newvscode
2024-08-22 11:22:03.571 [info] Settings (newvscode): No changes found during synchronizing settings.
2024-08-22 11:22:03.572 [info] Keybindings (newvscode): No changes found during synchronizing keybindings.
2024-08-22 11:22:03.575 [info] Snippets (newvscode): No changes found during synchronizing snippets.
2024-08-22 11:22:03.576 [info] Tasks (newvscode): No changes found during synchronizing tasks.
2024-08-22 11:22:03.577 [info] GlobalState (newvscode): No changes found during synchronizing ui state.
2024-08-22 11:22:03.615 [info] Extensions (newvscode): No changes found during synchronizing extensions.
2024-08-22 11:22:03.615 [info] Syncing profile. vscode_config
2024-08-22 11:22:03.621 [info] Settings (vscode_config): No changes found during synchronizing settings.
2024-08-22 11:22:03.625 [info] Keybindings (vscode_config): No changes found during synchronizing keybindings.
2024-08-22 11:22:03.628 [info] Snippets (vscode_config): No changes found during synchronizing snippets.
2024-08-22 11:22:03.630 [info] Tasks (vscode_config): No changes found during synchronizing tasks.
2024-08-22 11:22:03.634 [info] GlobalState (vscode_config): No changes found during synchronizing ui state.
2024-08-22 11:22:03.656 [info] Extensions (vscode_config): No changes found during synchronizing extensions.
2024-08-22 11:22:03.657 [info] Sync done. Took 760ms
