2024-08-22 09:59:37.555 [info] [main] Log level: Info
2024-08-22 09:59:37.555 [info] [main] Validating found git in: "git"
2024-08-22 09:59:37.555 [info] [main] Using git "2.46.0" from "git"
2024-08-22 09:59:37.555 [info] [Model][doInitialScan] Initial repository scan started
2024-08-22 09:59:37.555 [info] > git rev-parse --show-toplevel [5ms]
2024-08-22 09:59:37.555 [info] fatal: not a git repository (or any of the parent directories): .git
2024-08-22 09:59:37.555 [info] > git rev-parse --show-toplevel [1ms]
2024-08-22 09:59:37.555 [info] fatal: not a git repository (or any of the parent directories): .git
2024-08-22 09:59:37.555 [info] [Model][doInitialScan] Initial repository scan completed - repositories (0), closed repositories (0), parent repositories (0), unsafe repositories (0)
2024-08-22 09:59:37.555 [info] > git rev-parse --show-toplevel [29ms]
2024-08-22 09:59:37.555 [info] fatal: not a git repository (or any of the parent directories): .git
2024-08-22 09:59:37.845 [info] > git rev-parse --show-toplevel [14ms]
2024-08-22 09:59:37.845 [info] fatal: not a git repository (or any of the parent directories): .git
2024-08-22 09:59:39.616 [info] > git rev-parse --show-toplevel [99ms]
2024-08-22 09:59:39.616 [info] fatal: not a git repository (or any of the parent directories): .git
2024-08-22 09:59:39.636 [info] > git rev-parse --show-toplevel [3ms]
2024-08-22 09:59:39.636 [info] fatal: not a git repository (or any of the parent directories): .git
2024-08-22 09:59:39.666 [info] > git rev-parse --show-toplevel [8ms]
2024-08-22 09:59:39.666 [info] fatal: not a git repository (or any of the parent directories): .git
2024-08-22 09:59:39.741 [info] > git rev-parse --show-toplevel [21ms]
2024-08-22 09:59:39.741 [info] fatal: not a git repository (or any of the parent directories): .git
2024-08-22 09:59:39.794 [info] > git rev-parse --show-toplevel [24ms]
2024-08-22 09:59:39.794 [info] fatal: not a git repository (or any of the parent directories): .git
2024-08-22 10:01:24.174 [info] > git rev-parse --show-toplevel [8ms]
2024-08-22 10:01:24.175 [info] fatal: not a git repository (or any of the parent directories): .git
2024-08-22 10:03:54.626 [info] > git rev-parse --show-toplevel [7ms]
2024-08-22 10:03:54.627 [info] fatal: not a git repository (or any of the parent directories): .git
2024-08-22 10:05:45.585 [info] > git rev-parse --show-toplevel [7ms]
2024-08-22 10:05:45.585 [info] fatal: not a git repository (or any of the parent directories): .git
2024-08-22 10:07:03.863 [info] > git rev-parse --show-toplevel [6ms]
2024-08-22 10:07:03.864 [info] fatal: not a git repository (or any of the parent directories): .git
2024-08-22 10:08:44.649 [info] > git rev-parse --show-toplevel [4ms]
2024-08-22 10:08:44.650 [info] fatal: not a git repository (or any of the parent directories): .git
2024-08-22 10:11:52.520 [info] > git rev-parse --show-toplevel [7ms]
2024-08-22 10:11:52.521 [info] fatal: not a git repository (or any of the parent directories): .git
2024-08-22 10:11:54.832 [info] > git rev-parse --show-toplevel [2ms]
2024-08-22 10:11:54.832 [info] fatal: not a git repository (or any of the parent directories): .git
2024-08-22 10:13:09.191 [info] > git rev-parse --show-toplevel [8ms]
2024-08-22 10:13:09.191 [info] fatal: not a git repository (or any of the parent directories): .git
2024-08-22 10:14:01.208 [info] > git rev-parse --show-toplevel [2ms]
2024-08-22 10:14:01.209 [info] fatal: not a git repository (or any of the parent directories): .git
2024-08-22 10:16:47.001 [info] > git rev-parse --show-toplevel [21ms]
2024-08-22 10:16:47.002 [info] fatal: not a git repository (or any of the parent directories): .git
2024-08-22 10:19:20.334 [info] > git rev-parse --show-toplevel [10ms]
2024-08-22 10:19:20.334 [info] fatal: not a git repository (or any of the parent directories): .git
2024-08-22 10:21:04.412 [info] > git rev-parse --show-toplevel [2ms]
2024-08-22 10:21:04.412 [info] fatal: not a git repository (or any of the parent directories): .git
2024-08-22 10:23:38.145 [info] > git rev-parse --show-toplevel [3ms]
2024-08-22 10:23:38.145 [info] fatal: not a git repository (or any of the parent directories): .git
2024-08-22 10:26:02.735 [info] > git rev-parse --show-toplevel [1ms]
2024-08-22 10:26:02.735 [info] fatal: not a git repository (or any of the parent directories): .git
2024-08-22 10:28:45.865 [info] > git rev-parse --show-toplevel [9ms]
2024-08-22 10:28:45.865 [info] fatal: not a git repository (or any of the parent directories): .git
2024-08-22 10:30:20.255 [info] > git rev-parse --show-toplevel [3ms]
2024-08-22 10:30:20.255 [info] fatal: not a git repository (or any of the parent directories): .git
