2024-08-22 11:37:13.204 [info] Extension host with pid 11261 started
2024-08-22 11:37:14.008 [info] ExtensionService#_doActivateExtension mechatroner.rainbow-csv, startup: false, activationEvent: 'onLanguage:plaintext'
2024-08-22 11:37:14.027 [info] ExtensionService#_doActivateExtension vscode.emmet, startup: false, activationEvent: 'onLanguage'
2024-08-22 11:37:14.041 [info] ExtensionService#_doActivateExtension mads-hartmann.bash-ide-vscode, startup: false, activationEvent: 'onLanguage:shellscript'
2024-08-22 11:37:14.628 [info] ExtensionService#_doActivateExtension vscode.git-base, startup: true, activationEvent: '*', root cause: vscode.git
2024-08-22 11:37:14.640 [info] ExtensionService#_doActivateExtension formulahendry.auto-rename-tag, startup: true, activationEvent: '*'
2024-08-22 11:37:14.662 [info] ExtensionService#_doActivateExtension Zignd.html-css-class-completion, startup: true, activationEvent: '*'
2024-08-22 11:37:14.890 [info] ExtensionService#_doActivateExtension vscode.git, startup: true, activationEvent: '*'
2024-08-22 11:37:14.975 [info] ExtensionService#_doActivateExtension vscode.github, startup: true, activationEvent: '*'
2024-08-22 11:37:15.308 [info] Eager extensions activated
2024-08-22 11:37:15.659 [info] ExtensionService#_doActivateExtension vscode.debug-auto-launch, startup: false, activationEvent: 'onStartupFinished'
2024-08-22 11:37:15.663 [info] ExtensionService#_doActivateExtension vscode.merge-conflict, startup: false, activationEvent: 'onStartupFinished'
2024-08-22 11:37:15.681 [info] ExtensionService#_doActivateExtension bierner.color-info, startup: false, activationEvent: 'onStartupFinished'
2024-08-22 11:37:15.690 [info] ExtensionService#_doActivateExtension cweijan.vscode-office, startup: false, activationEvent: 'onStartupFinished'
2024-08-22 11:37:15.896 [info] ExtensionService#_doActivateExtension dsznajder.es7-react-js-snippets, startup: false, activationEvent: 'onStartupFinished'
2024-08-22 11:37:16.394 [info] ExtensionService#_doActivateExtension ecmel.vscode-html-css, startup: false, activationEvent: 'onStartupFinished'
2024-08-22 11:37:16.398 [info] ExtensionService#_doActivateExtension equinusocio.vsc-material-theme-icons, startup: false, activationEvent: 'onStartupFinished'
2024-08-22 11:37:16.478 [info] ExtensionService#_doActivateExtension esbenp.prettier-vscode, startup: false, activationEvent: 'onStartupFinished'
2024-08-22 11:37:16.560 [info] ExtensionService#_doActivateExtension formulahendry.code-runner, startup: false, activationEvent: 'onStartupFinished'
2024-08-22 11:37:16.612 [info] ExtensionService#_doActivateExtension ms-vscode-remote.remote-containers, startup: false, activationEvent: 'onStartupFinished'
2024-08-22 11:37:16.692 [info] ExtensionService#_doActivateExtension naumovs.color-highlight, startup: false, activationEvent: 'onStartupFinished'
2024-08-22 11:37:16.703 [info] ExtensionService#_doActivateExtension PKief.material-icon-theme, startup: false, activationEvent: 'onStartupFinished'
2024-08-22 11:37:16.722 [info] ExtensionService#_doActivateExtension Postman.postman-for-vscode, startup: false, activationEvent: 'onStartupFinished'
2024-08-22 11:37:17.199 [info] ExtensionService#_doActivateExtension ritwickdey.LiveServer, startup: false, activationEvent: 'onStartupFinished'
2024-08-22 11:37:17.217 [info] ExtensionService#_doActivateExtension vscode-icons-team.vscode-icons, startup: false, activationEvent: 'onStartupFinished'
2024-08-22 11:37:18.079 [info] ExtensionService#_doActivateExtension vscode.github-authentication, startup: false, activationEvent: 'onAuthenticationRequest:github'
2024-08-22 11:37:19.052 [info] ExtensionService#_doActivateExtension vscode.configuration-editing, startup: false, activationEvent: 'onLanguage:jsonc'
2024-08-22 11:37:19.064 [info] ExtensionService#_doActivateExtension vscode.json-language-features, startup: false, activationEvent: 'onLanguage:jsonc'
2024-08-22 11:37:19.111 [info] ExtensionService#_doActivateExtension vscode.typescript-language-features, startup: false, activationEvent: 'onLanguage:jsonc'
2024-08-22 11:41:52.039 [info] Extension host terminating: renderer closed the MessagePort
2024-08-22 11:41:52.067 [info] Extension host with pid 11261 exiting with code 0
