2024-08-22 12:29:02.768 [info] Added views:workbench.panel.markers.view in workbench.panel.markers
2024-08-22 12:29:02.768 [info] Added views:workbench.panel.output in workbench.panel.output
2024-08-22 12:29:02.768 [info] Added views:terminal in terminal
2024-08-22 12:29:02.768 [info] Added views:outline in workbench.view.explorer
2024-08-22 12:29:02.768 [info] Added views:workbench.scm in workbench.view.scm
2024-08-22 12:29:02.768 [info] Added views:workbench.view.search in workbench.view.search
2024-08-22 12:29:02.768 [info] Added views:timeline in workbench.view.explorer
2024-08-22 12:29:02.768 [info] Added views:workbench.explorer.emptyView in workbench.view.explorer
2024-08-22 12:29:02.915 [info] Added views:workbench.debug.welcome in workbench.view.debug
2024-08-22 12:29:03.213 [info] Added views:notes in workbench.view.extension.vscode-notes
2024-08-22 12:29:03.213 [info] Added views:github.codespaces.explorer in workbench.view.remote
2024-08-22 12:29:03.213 [info] Added views:targetsContainers,devVolumes in workbench.view.remote
2024-08-22 12:29:03.214 [info] Added views:postman-for-vscode.sidebar-panel in workbench.view.extension.sidebar-panel
2024-08-22 12:29:03.214 [info] Added views:postman-console-view in workbench.view.extension.postman-console-view-container
2024-08-22 12:29:03.214 [info] Added views:learn-vim in workbench.view.extension.learn-vim-container
2024-08-22 12:29:03.398 [info] Added views:workbench.panel.repl.view in workbench.panel.repl
2024-08-22 12:29:03.845 [info] Added views:~remote.forwardedPorts in ~remote.forwardedPortsContainer
2024-08-22 12:30:34.619 [info] Added views:workbench.panel.markers.view in workbench.panel.markers
2024-08-22 12:30:34.619 [info] Added views:workbench.panel.output in workbench.panel.output
2024-08-22 12:30:34.619 [info] Added views:terminal in terminal
2024-08-22 12:30:34.619 [info] Added views:outline in workbench.view.explorer
2024-08-22 12:30:34.619 [info] Added views:workbench.scm in workbench.view.scm
2024-08-22 12:30:34.619 [info] Added views:workbench.view.search in workbench.view.search
2024-08-22 12:30:34.619 [info] Added views:timeline in workbench.view.explorer
2024-08-22 12:30:34.619 [info] Added views:workbench.explorer.fileView in workbench.view.explorer
2024-08-22 12:30:34.776 [info] Added views:workbench.debug.welcome in workbench.view.debug
2024-08-22 12:30:35.167 [info] Added views:notes in workbench.view.extension.vscode-notes
2024-08-22 12:30:35.167 [info] Added views:github.codespaces.explorer in workbench.view.remote
2024-08-22 12:30:35.167 [info] Added views:targetsContainers,devVolumes in workbench.view.remote
2024-08-22 12:30:35.167 [info] Added views:postman-for-vscode.sidebar-panel in workbench.view.extension.sidebar-panel
2024-08-22 12:30:35.167 [info] Added views:postman-console-view in workbench.view.extension.postman-console-view-container
2024-08-22 12:30:35.167 [info] Added views:learn-vim in workbench.view.extension.learn-vim-container
2024-08-22 12:30:35.288 [info] Added views:workbench.panel.repl.view in workbench.panel.repl
2024-08-22 12:30:35.883 [info] Added views:~remote.forwardedPorts in ~remote.forwardedPortsContainer
