2024-08-22 11:46:33.051 [info] (Client) Pylance async client (2024.8.1) started with python extension (2024.12.3)
2024-08-22 11:46:34.509 [info] [Info  - 11:46:34 AM] (2241) Pylance language server 2024.8.1 (pyright version 1.1.373, commit ee424479) starting
2024-08-22 11:46:34.509 [info] [Info  - 11:46:34 AM] (2241) Server root directory: file:///home/abhi/.vscode/extensions/ms-python.vscode-pylance-2024.8.1/dist
2024-08-22 11:46:34.534 [info] [Info  - 11:46:34 AM] (2241) Starting service instance "newqtile_test"
2024-08-22 11:46:34.640 [info] [Info  - 11:46:34 AM] (2241) Setting pythonPath for service "newqtile_test": "/usr/bin/python"
2024-08-22 11:46:34.640 [info] [Info  - 11:46:34 AM] (2241) Setting environmentName for service "newqtile_test": "3.12.4 (usr venv)"
2024-08-22 11:46:34.641 [info] [Info  - 11:46:34 AM] (2241) No include entries specified; assuming /home/abhi/newqtile_test
2024-08-22 11:46:34.641 [info] [Info  - 11:46:34 AM] (2241) Auto-excluding **/node_modules
2024-08-22 11:46:34.641 [info] [Info  - 11:46:34 AM] (2241) Auto-excluding **/__pycache__
2024-08-22 11:46:34.642 [info] [Info  - 11:46:34 AM] (2241) Auto-excluding **/.*
2024-08-22 11:46:34.714 [info] [Info  - 11:46:34 AM] (2241) Assuming Python version 3.12.4.final.0
2024-08-22 11:46:34.941 [info] [Info  - 11:46:34 AM] (2241) No source files found.
2024-08-22 11:46:35.908 [info] [Info  - 11:46:35 AM] (2241) Background analysis(1) root directory: file:///home/abhi/.vscode/extensions/ms-python.vscode-pylance-2024.8.1/dist
2024-08-22 11:46:35.914 [info] [Info  - 11:46:35 AM] (2241) Background analysis(1) started
2024-08-22 11:48:32.207 [info] [Info  - 11:48:32 AM] (2241) Setting pythonPath for service "newqtile_test": "/usr/bin/python"
2024-08-22 11:48:32.207 [info] [Info  - 11:48:32 AM] (2241) Setting environmentName for service "newqtile_test": "3.12.4 (usr venv)"
2024-08-22 11:48:32.207 [info] [Info  - 11:48:32 AM] (2241) No include entries specified; assuming /home/abhi/newqtile_test
2024-08-22 11:48:32.207 [info] [Info  - 11:48:32 AM] (2241) Auto-excluding **/node_modules
2024-08-22 11:48:32.208 [info] [Info  - 11:48:32 AM] (2241) Auto-excluding **/__pycache__
2024-08-22 11:48:32.208 [info] [Info  - 11:48:32 AM] (2241) Auto-excluding **/.*
2024-08-22 11:48:32.228 [info] [Info  - 11:48:32 AM] (2241) Assuming Python version 3.12.4.final.0
2024-08-22 11:48:32.271 [info] [Info  - 11:48:32 AM] (2241) No source files found.
2024-08-22 11:48:32.297 [info] [Info  - 11:48:32 AM] (2241) Setting pythonPath for service "newqtile_test": "/usr/bin/python"
2024-08-22 11:48:32.297 [info] [Info  - 11:48:32 AM] (2241) Setting environmentName for service "newqtile_test": "3.12.4 (usr venv)"
2024-08-22 11:48:32.298 [info] [Info  - 11:48:32 AM] (2241) No include entries specified; assuming /home/abhi/newqtile_test
2024-08-22 11:48:32.298 [info] [Info  - 11:48:32 AM] (2241) Auto-excluding **/node_modules
2024-08-22 11:48:32.298 [info] [Info  - 11:48:32 AM] (2241) Auto-excluding **/__pycache__
2024-08-22 11:48:32.298 [info] [Info  - 11:48:32 AM] (2241) Auto-excluding **/.*
2024-08-22 11:48:32.322 [info] [Info  - 11:48:32 AM] (2241) Assuming Python version 3.12.4.final.0
2024-08-22 11:48:32.370 [info] [Info  - 11:48:32 AM] (2241) No source files found.
